cuda
07-10_14-11-52 4246_Adam(0.001),PERMUTED(False),LinearLR,NLL,LL(True),TBPTT(50),RSNN(1,256,10,bs_256,ep_300,h_o_bias),ALIF(tau_m(20.0,5.0),tau_a(200.0,50.0),linearMask(0.0))LI(tau_m(20.0,5.0))
Starting training loop...
Epoch [   0/ 300]  |  Summary  |  Loss/val: 2.302600, Accuracy/val: 10.1333%  |  Loss/test: 2.302413, Accuracy/test: 10.7900
Epoch [   1/ 300]  |  Step [ 150/ 211]  |  Loss/train: 2.444060, Accuracy/train:  11.9505
Epoch [   1/ 300]  |  Summary  |  Loss/val: 2.308071, Accuracy/val: 11.3333%  |  Loss/test: 2.309644, Accuracy/test: 11.3400
Epoch [   2/ 300]  |  Step [ 150/ 211]  |  Loss/train: 2.441526, Accuracy/train:  11.6693
Epoch [   2/ 300]  |  Summary  |  Loss/val: 2.309743, Accuracy/val: 10.0833%  |  Loss/test: 2.308180, Accuracy/test: 10.1800
Epoch [   3/ 300]  |  Step [ 150/ 211]  |  Loss/train: 2.440736, Accuracy/train:  11.6745
Epoch [   3/ 300]  |  Summary  |  Loss/val: 2.308378, Accuracy/val: 10.5167%  |  Loss/test: 2.307252, Accuracy/test: 11.1200
Epoch [   4/ 300]  |  Step [ 150/ 211]  |  Loss/train: 2.440495, Accuracy/train:  11.7240
Epoch [   4/ 300]  |  Summary  |  Loss/val: 2.306420, Accuracy/val: 10.0333%  |  Loss/test: 2.305941, Accuracy/test: 9.4800
Epoch [   5/ 300]  |  Step [ 150/ 211]  |  Loss/train: 2.442583, Accuracy/train:  12.5339
Epoch [   5/ 300]  |  Summary  |  Loss/val: 2.306813, Accuracy/val: 12.4500%  |  Loss/test: 2.305875, Accuracy/test: 12.4400
Epoch [   6/ 300]  |  Step [ 150/ 211]  |  Loss/train: 2.437529, Accuracy/train:  12.0885
Epoch [   6/ 300]  |  Summary  |  Loss/val: 2.290900, Accuracy/val: 11.1333%  |  Loss/test: 2.304454, Accuracy/test: 10.5400
Epoch [   7/ 300]  |  Step [ 150/ 211]  |  Loss/train: 2.411898, Accuracy/train:  11.8229
Epoch [   7/ 300]  |  Summary  |  Loss/val: 2.302882, Accuracy/val: 12.7000%  |  Loss/test: 2.301327, Accuracy/test: 12.5900
Epoch [   8/ 300]  |  Step [ 150/ 211]  |  Loss/train: 2.380074, Accuracy/train:  14.0339
Epoch [   8/ 300]  |  Summary  |  Loss/val: 2.278891, Accuracy/val: 14.5833%  |  Loss/test: 2.282322, Accuracy/test: 13.9900
Epoch [   9/ 300]  |  Step [ 150/ 211]  |  Loss/train: 2.333823, Accuracy/train:  17.7422
Epoch [   9/ 300]  |  Summary  |  Loss/val: 2.044017, Accuracy/val: 26.1667%  |  Loss/test: 2.051414, Accuracy/test: 25.6600
Epoch [  10/ 300]  |  Step [ 150/ 211]  |  Loss/train: 2.296566, Accuracy/train:  20.1719
Epoch [  10/ 300]  |  Summary  |  Loss/val: 2.146754, Accuracy/val: 21.5167%  |  Loss/test: 2.169615, Accuracy/test: 20.1700
Epoch [  11/ 300]  |  Step [ 150/ 211]  |  Loss/train: 2.270356, Accuracy/train:  21.7448
Epoch [  11/ 300]  |  Summary  |  Loss/val: 2.098940, Accuracy/val: 23.5333%  |  Loss/test: 2.112285, Accuracy/test: 22.8700
Epoch [  12/ 300]  |  Step [ 150/ 211]  |  Loss/train: 2.153705, Accuracy/train:  24.0521
Epoch [  12/ 300]  |  Summary  |  Loss/val: 2.074124, Accuracy/val: 21.8167%  |  Loss/test: 2.084425, Accuracy/test: 22.0800
Epoch [  13/ 300]  |  Step [ 150/ 211]  |  Loss/train: 2.213784, Accuracy/train:  21.6250
Epoch [  13/ 300]  |  Summary  |  Loss/val: 2.064698, Accuracy/val: 25.1167%  |  Loss/test: 2.087460, Accuracy/test: 24.2100
Epoch [  14/ 300]  |  Step [ 150/ 211]  |  Loss/train: 2.122942, Accuracy/train:  23.8359
Epoch [  14/ 300]  |  Summary  |  Loss/val: 2.113836, Accuracy/val: 24.2500%  |  Loss/test: 2.119788, Accuracy/test: 23.4900
Epoch [  15/ 300]  |  Step [ 150/ 211]  |  Loss/train: 2.046705, Accuracy/train:  28.0495
Epoch [  15/ 300]  |  Summary  |  Loss/val: 1.923849, Accuracy/val: 31.1667%  |  Loss/test: 1.948580, Accuracy/test: 30.5900
Epoch [  16/ 300]  |  Step [ 150/ 211]  |  Loss/train: 1.960586, Accuracy/train:  30.8724
Epoch [  16/ 300]  |  Summary  |  Loss/val: 1.760324, Accuracy/val: 35.0833%  |  Loss/test: 1.763468, Accuracy/test: 35.4800
Epoch [  17/ 300]  |  Step [ 150/ 211]  |  Loss/train: 1.825380, Accuracy/train:  34.2943
Epoch [  17/ 300]  |  Summary  |  Loss/val: 1.741552, Accuracy/val: 37.5667%  |  Loss/test: 1.747072, Accuracy/test: 37.0300
Epoch [  18/ 300]  |  Step [ 150/ 211]  |  Loss/train: 1.744246, Accuracy/train:  39.2760
Epoch [  18/ 300]  |  Summary  |  Loss/val: 1.535275, Accuracy/val: 44.1667%  |  Loss/test: 1.520860, Accuracy/test: 45.1200
Epoch [  19/ 300]  |  Step [ 150/ 211]  |  Loss/train: 1.662355, Accuracy/train:  42.9010
Epoch [  19/ 300]  |  Summary  |  Loss/val: 1.524334, Accuracy/val: 45.4333%  |  Loss/test: 1.536640, Accuracy/test: 44.6600
Epoch [  20/ 300]  |  Step [ 150/ 211]  |  Loss/train: 1.639659, Accuracy/train:  45.4115
Epoch [  20/ 300]  |  Summary  |  Loss/val: 1.442469, Accuracy/val: 49.1833%  |  Loss/test: 1.444332, Accuracy/test: 49.3300
Epoch [  21/ 300]  |  Step [ 150/ 211]  |  Loss/train: 1.597277, Accuracy/train:  49.1354
Epoch [  21/ 300]  |  Summary  |  Loss/val: 1.253492, Accuracy/val: 55.1500%  |  Loss/test: 1.272062, Accuracy/test: 54.7600
Epoch [  22/ 300]  |  Step [ 150/ 211]  |  Loss/train: 1.531486, Accuracy/train:  54.1354
Epoch [  22/ 300]  |  Summary  |  Loss/val: 1.270780, Accuracy/val: 53.9833%  |  Loss/test: 1.243184, Accuracy/test: 55.7400
Epoch [  23/ 300]  |  Step [ 150/ 211]  |  Loss/train: 1.500962, Accuracy/train:  55.0260
Epoch [  23/ 300]  |  Summary  |  Loss/val: 1.143154, Accuracy/val: 59.1833%  |  Loss/test: 1.125358, Accuracy/test: 59.1900
Epoch [  24/ 300]  |  Step [ 150/ 211]  |  Loss/train: 1.466920, Accuracy/train:  56.1771
Epoch [  24/ 300]  |  Summary  |  Loss/val: 1.220684, Accuracy/val: 57.3000%  |  Loss/test: 1.195896, Accuracy/test: 58.2600
Epoch [  25/ 300]  |  Step [ 150/ 211]  |  Loss/train: 1.446751, Accuracy/train:  57.9635
Epoch [  25/ 300]  |  Summary  |  Loss/val: 1.106788, Accuracy/val: 59.9500%  |  Loss/test: 1.084198, Accuracy/test: 60.7100
Epoch [  26/ 300]  |  Step [ 150/ 211]  |  Loss/train: 1.448167, Accuracy/train:  58.5365
Epoch [  26/ 300]  |  Summary  |  Loss/val: 1.347736, Accuracy/val: 51.8333%  |  Loss/test: 1.355658, Accuracy/test: 52.1100
Epoch [  27/ 300]  |  Step [ 150/ 211]  |  Loss/train: 1.528036, Accuracy/train:  56.7161
Epoch [  27/ 300]  |  Summary  |  Loss/val: 1.078814, Accuracy/val: 61.8500%  |  Loss/test: 1.060200, Accuracy/test: 61.5800
Epoch [  28/ 300]  |  Step [ 150/ 211]  |  Loss/train: 1.416828, Accuracy/train:  61.2031
Epoch [  28/ 300]  |  Summary  |  Loss/val: 0.999780, Accuracy/val: 65.0833%  |  Loss/test: 0.979338, Accuracy/test: 65.7600
Epoch [  29/ 300]  |  Step [ 150/ 211]  |  Loss/train: 1.359017, Accuracy/train:  64.0807
Epoch [  29/ 300]  |  Summary  |  Loss/val: 0.987497, Accuracy/val: 64.9833%  |  Loss/test: 0.966152, Accuracy/test: 65.8400
Epoch [  30/ 300]  |  Step [ 150/ 211]  |  Loss/train: 1.349489, Accuracy/train:  64.5625
Epoch [  30/ 300]  |  Summary  |  Loss/val: 0.948956, Accuracy/val: 67.2000%  |  Loss/test: 0.916794, Accuracy/test: 68.1900
Epoch [  31/ 300]  |  Step [ 150/ 211]  |  Loss/train: 1.321245, Accuracy/train:  66.6328
Epoch [  31/ 300]  |  Summary  |  Loss/val: 0.896350, Accuracy/val: 68.3000%  |  Loss/test: 0.884230, Accuracy/test: 68.6600
Epoch [  32/ 300]  |  Step [ 150/ 211]  |  Loss/train: 1.300499, Accuracy/train:  67.1068
Epoch [  32/ 300]  |  Summary  |  Loss/val: 0.860245, Accuracy/val: 69.5167%  |  Loss/test: 0.826463, Accuracy/test: 71.1900
Epoch [  33/ 300]  |  Step [ 150/ 211]  |  Loss/train: 1.278541, Accuracy/train:  68.4792
Epoch [  33/ 300]  |  Summary  |  Loss/val: 0.867908, Accuracy/val: 69.5667%  |  Loss/test: 0.847231, Accuracy/test: 70.0800
Epoch [  34/ 300]  |  Step [ 150/ 211]  |  Loss/train: 1.282046, Accuracy/train:  68.3932
Epoch [  34/ 300]  |  Summary  |  Loss/val: 0.877326, Accuracy/val: 69.7167%  |  Loss/test: 0.855026, Accuracy/test: 69.7000
Epoch [  35/ 300]  |  Step [ 150/ 211]  |  Loss/train: 1.246522, Accuracy/train:  69.4661
Epoch [  35/ 300]  |  Summary  |  Loss/val: 0.863952, Accuracy/val: 70.3000%  |  Loss/test: 0.844793, Accuracy/test: 70.8300
Epoch [  36/ 300]  |  Step [ 150/ 211]  |  Loss/train: 1.250104, Accuracy/train:  70.0391
Epoch [  36/ 300]  |  Summary  |  Loss/val: 0.813535, Accuracy/val: 71.3167%  |  Loss/test: 0.802795, Accuracy/test: 71.4800
Epoch [  37/ 300]  |  Step [ 150/ 211]  |  Loss/train: 1.238630, Accuracy/train:  70.4375
Epoch [  37/ 300]  |  Summary  |  Loss/val: 0.822653, Accuracy/val: 71.4667%  |  Loss/test: 0.783501, Accuracy/test: 72.9700
Epoch [  38/ 300]  |  Step [ 150/ 211]  |  Loss/train: 1.231334, Accuracy/train:  71.4219
Epoch [  38/ 300]  |  Summary  |  Loss/val: 0.852665, Accuracy/val: 69.9667%  |  Loss/test: 0.830575, Accuracy/test: 70.2600
Epoch [  39/ 300]  |  Step [ 150/ 211]  |  Loss/train: 1.243226, Accuracy/train:  70.6406
Epoch [  39/ 300]  |  Summary  |  Loss/val: 0.888536, Accuracy/val: 68.5833%  |  Loss/test: 0.863353, Accuracy/test: 68.6800
Epoch [  40/ 300]  |  Step [ 150/ 211]  |  Loss/train: 1.228899, Accuracy/train:  71.6146
Epoch [  40/ 300]  |  Summary  |  Loss/val: 0.774710, Accuracy/val: 73.4333%  |  Loss/test: 0.759482, Accuracy/test: 73.4400
Epoch [  41/ 300]  |  Step [ 150/ 211]  |  Loss/train: 1.216034, Accuracy/train:  71.7396
Epoch [  41/ 300]  |  Summary  |  Loss/val: 0.801981, Accuracy/val: 71.5667%  |  Loss/test: 0.785603, Accuracy/test: 72.4600
Epoch [  42/ 300]  |  Step [ 150/ 211]  |  Loss/train: 1.201696, Accuracy/train:  72.7448
Epoch [  42/ 300]  |  Summary  |  Loss/val: 0.792101, Accuracy/val: 72.6167%  |  Loss/test: 0.787448, Accuracy/test: 72.3500
Epoch [  43/ 300]  |  Step [ 150/ 211]  |  Loss/train: 1.197558, Accuracy/train:  73.1328
Epoch [  43/ 300]  |  Summary  |  Loss/val: 0.841889, Accuracy/val: 69.7833%  |  Loss/test: 0.822868, Accuracy/test: 70.4100
Epoch [  44/ 300]  |  Step [ 150/ 211]  |  Loss/train: 1.184685, Accuracy/train:  73.5859
Epoch [  44/ 300]  |  Summary  |  Loss/val: 0.725581, Accuracy/val: 74.7667%  |  Loss/test: 0.703731, Accuracy/test: 76.2900
Epoch [  45/ 300]  |  Step [ 150/ 211]  |  Loss/train: 1.216488, Accuracy/train:  72.9167
Epoch [  45/ 300]  |  Summary  |  Loss/val: 0.764920, Accuracy/val: 73.2333%  |  Loss/test: 0.766171, Accuracy/test: 73.3000
Epoch [  46/ 300]  |  Step [ 150/ 211]  |  Loss/train: 1.181160, Accuracy/train:  74.3516
Epoch [  46/ 300]  |  Summary  |  Loss/val: 0.807393, Accuracy/val: 72.1167%  |  Loss/test: 0.782977, Accuracy/test: 72.4500
Epoch [  47/ 300]  |  Step [ 150/ 211]  |  Loss/train: 1.167163, Accuracy/train:  75.2812
Epoch [  47/ 300]  |  Summary  |  Loss/val: 0.727584, Accuracy/val: 74.2833%  |  Loss/test: 0.704950, Accuracy/test: 75.7500
Epoch [  48/ 300]  |  Step [ 150/ 211]  |  Loss/train: 1.162750, Accuracy/train:  75.2292
Epoch [  48/ 300]  |  Summary  |  Loss/val: 0.711209, Accuracy/val: 75.6000%  |  Loss/test: 0.694743, Accuracy/test: 75.8700
Epoch [  49/ 300]  |  Step [ 150/ 211]  |  Loss/train: 1.158629, Accuracy/train:  76.1328
Epoch [  49/ 300]  |  Summary  |  Loss/val: 0.725815, Accuracy/val: 75.2167%  |  Loss/test: 0.698531, Accuracy/test: 76.1800
Epoch [  50/ 300]  |  Step [ 150/ 211]  |  Loss/train: 1.160404, Accuracy/train:  75.8854
Epoch [  50/ 300]  |  Summary  |  Loss/val: 0.700240, Accuracy/val: 75.9167%  |  Loss/test: 0.678412, Accuracy/test: 76.7400
Epoch [  51/ 300]  |  Step [ 150/ 211]  |  Loss/train: 1.148297, Accuracy/train:  76.1484
Epoch [  51/ 300]  |  Summary  |  Loss/val: 0.678166, Accuracy/val: 76.3833%  |  Loss/test: 0.648925, Accuracy/test: 77.5400
Epoch [  52/ 300]  |  Step [ 150/ 211]  |  Loss/train: 1.139718, Accuracy/train:  76.8385
Epoch [  52/ 300]  |  Summary  |  Loss/val: 0.677337, Accuracy/val: 76.5333%  |  Loss/test: 0.656191, Accuracy/test: 77.5700
Epoch [  53/ 300]  |  Step [ 150/ 211]  |  Loss/train: 1.150305, Accuracy/train:  76.4323
Epoch [  53/ 300]  |  Summary  |  Loss/val: 0.696262, Accuracy/val: 75.8000%  |  Loss/test: 0.671743, Accuracy/test: 76.8700
Epoch [  54/ 300]  |  Step [ 150/ 211]  |  Loss/train: 1.128591, Accuracy/train:  77.0651
Epoch [  54/ 300]  |  Summary  |  Loss/val: 0.673815, Accuracy/val: 76.5167%  |  Loss/test: 0.672078, Accuracy/test: 76.6200
Epoch [  55/ 300]  |  Step [ 150/ 211]  |  Loss/train: 1.148690, Accuracy/train:  76.2135
Epoch [  55/ 300]  |  Summary  |  Loss/val: 0.663132, Accuracy/val: 77.5833%  |  Loss/test: 0.642304, Accuracy/test: 78.7100
Epoch [  56/ 300]  |  Step [ 150/ 211]  |  Loss/train: 1.123705, Accuracy/train:  77.4453
Epoch [  56/ 300]  |  Summary  |  Loss/val: 0.691480, Accuracy/val: 76.6000%  |  Loss/test: 0.654386, Accuracy/test: 78.0600
Epoch [  57/ 300]  |  Step [ 150/ 211]  |  Loss/train: 1.126186, Accuracy/train:  76.9453
Epoch [  57/ 300]  |  Summary  |  Loss/val: 0.671161, Accuracy/val: 76.9667%  |  Loss/test: 0.631255, Accuracy/test: 78.7200
Epoch [  58/ 300]  |  Step [ 150/ 211]  |  Loss/train: 1.110184, Accuracy/train:  77.8359
Epoch [  58/ 300]  |  Summary  |  Loss/val: 0.658059, Accuracy/val: 77.6833%  |  Loss/test: 0.624034, Accuracy/test: 78.8800
Epoch [  59/ 300]  |  Step [ 150/ 211]  |  Loss/train: 1.115703, Accuracy/train:  77.6510
Epoch [  59/ 300]  |  Summary  |  Loss/val: 0.655998, Accuracy/val: 77.3833%  |  Loss/test: 0.619810, Accuracy/test: 78.9100
Epoch [  60/ 300]  |  Step [ 150/ 211]  |  Loss/train: 1.105611, Accuracy/train:  77.9115
Epoch [  60/ 300]  |  Summary  |  Loss/val: 0.664321, Accuracy/val: 76.9333%  |  Loss/test: 0.618821, Accuracy/test: 78.2400
Epoch [  61/ 300]  |  Step [ 150/ 211]  |  Loss/train: 1.099354, Accuracy/train:  78.1901
Epoch [  61/ 300]  |  Summary  |  Loss/val: 0.629893, Accuracy/val: 78.3833%  |  Loss/test: 0.603319, Accuracy/test: 79.6600
Epoch [  62/ 300]  |  Step [ 150/ 211]  |  Loss/train: 1.094969, Accuracy/train:  78.5286
Epoch [  62/ 300]  |  Summary  |  Loss/val: 0.627905, Accuracy/val: 78.7500%  |  Loss/test: 0.603115, Accuracy/test: 79.5000
Epoch [  63/ 300]  |  Step [ 150/ 211]  |  Loss/train: 1.091052, Accuracy/train:  79.0182
Epoch [  63/ 300]  |  Summary  |  Loss/val: 0.622988, Accuracy/val: 79.4167%  |  Loss/test: 0.595195, Accuracy/test: 80.2400
Epoch [  64/ 300]  |  Step [ 150/ 211]  |  Loss/train: 1.086651, Accuracy/train:  79.2526
Epoch [  64/ 300]  |  Summary  |  Loss/val: 0.643469, Accuracy/val: 77.8500%  |  Loss/test: 0.603088, Accuracy/test: 79.0100
Epoch [  65/ 300]  |  Step [ 150/ 211]  |  Loss/train: 1.111202, Accuracy/train:  78.6797
Epoch [  65/ 300]  |  Summary  |  Loss/val: 0.628172, Accuracy/val: 78.9000%  |  Loss/test: 0.589221, Accuracy/test: 80.1200
Epoch [  66/ 300]  |  Step [ 150/ 211]  |  Loss/train: 1.081217, Accuracy/train:  79.5286
Epoch [  66/ 300]  |  Summary  |  Loss/val: 0.649491, Accuracy/val: 78.2000%  |  Loss/test: 0.616857, Accuracy/test: 79.3100
Epoch [  67/ 300]  |  Step [ 150/ 211]  |  Loss/train: 1.074735, Accuracy/train:  79.5286
Epoch [  67/ 300]  |  Summary  |  Loss/val: 0.616712, Accuracy/val: 79.4667%  |  Loss/test: 0.586421, Accuracy/test: 80.6900
Epoch [  68/ 300]  |  Step [ 150/ 211]  |  Loss/train: 1.087036, Accuracy/train:  79.4583
Epoch [  68/ 300]  |  Summary  |  Loss/val: 0.628065, Accuracy/val: 78.4833%  |  Loss/test: 0.600611, Accuracy/test: 79.8600
Epoch [  69/ 300]  |  Step [ 150/ 211]  |  Loss/train: 1.074759, Accuracy/train:  79.8464
Epoch [  69/ 300]  |  Summary  |  Loss/val: 0.636147, Accuracy/val: 77.7833%  |  Loss/test: 0.608787, Accuracy/test: 78.8600
Epoch [  70/ 300]  |  Step [ 150/ 211]  |  Loss/train: 1.071930, Accuracy/train:  80.1016
Epoch [  70/ 300]  |  Summary  |  Loss/val: 0.631158, Accuracy/val: 77.9167%  |  Loss/test: 0.597746, Accuracy/test: 79.4000
Epoch [  71/ 300]  |  Step [ 150/ 211]  |  Loss/train: 1.069099, Accuracy/train:  80.1719
Epoch [  71/ 300]  |  Summary  |  Loss/val: 0.620994, Accuracy/val: 79.0833%  |  Loss/test: 0.596835, Accuracy/test: 79.7600
Epoch [  72/ 300]  |  Step [ 150/ 211]  |  Loss/train: 1.064889, Accuracy/train:  80.6484
Epoch [  72/ 300]  |  Summary  |  Loss/val: 0.616100, Accuracy/val: 78.8500%  |  Loss/test: 0.598781, Accuracy/test: 79.9800
Epoch [  73/ 300]  |  Step [ 150/ 211]  |  Loss/train: 1.066029, Accuracy/train:  80.4089
Epoch [  73/ 300]  |  Summary  |  Loss/val: 0.608481, Accuracy/val: 79.1833%  |  Loss/test: 0.562913, Accuracy/test: 81.1500
Epoch [  74/ 300]  |  Step [ 150/ 211]  |  Loss/train: 1.077933, Accuracy/train:  80.1589
Epoch [  74/ 300]  |  Summary  |  Loss/val: 0.597163, Accuracy/val: 80.0667%  |  Loss/test: 0.567383, Accuracy/test: 81.5800
Epoch [  75/ 300]  |  Step [ 150/ 211]  |  Loss/train: 1.081735, Accuracy/train:  79.8229
Epoch [  75/ 300]  |  Summary  |  Loss/val: 0.587341, Accuracy/val: 80.7833%  |  Loss/test: 0.552863, Accuracy/test: 81.5200
Epoch [  76/ 300]  |  Step [ 150/ 211]  |  Loss/train: 1.060812, Accuracy/train:  80.8385
Epoch [  76/ 300]  |  Summary  |  Loss/val: 0.582663, Accuracy/val: 80.3833%  |  Loss/test: 0.553090, Accuracy/test: 81.2900
Epoch [  77/ 300]  |  Step [ 150/ 211]  |  Loss/train: 1.064411, Accuracy/train:  80.7865
Epoch [  77/ 300]  |  Summary  |  Loss/val: 0.600720, Accuracy/val: 79.5167%  |  Loss/test: 0.579890, Accuracy/test: 80.1200
Epoch [  78/ 300]  |  Step [ 150/ 211]  |  Loss/train: 1.059234, Accuracy/train:  81.0391
Epoch [  78/ 300]  |  Summary  |  Loss/val: 0.620688, Accuracy/val: 79.1167%  |  Loss/test: 0.594603, Accuracy/test: 80.4100
Epoch [  79/ 300]  |  Step [ 150/ 211]  |  Loss/train: 1.053059, Accuracy/train:  81.2656
Epoch [  79/ 300]  |  Summary  |  Loss/val: 0.583213, Accuracy/val: 79.2500%  |  Loss/test: 0.550608, Accuracy/test: 80.7700
Epoch [  80/ 300]  |  Step [ 150/ 211]  |  Loss/train: 1.054932, Accuracy/train:  81.3125
Epoch [  80/ 300]  |  Summary  |  Loss/val: 0.563044, Accuracy/val: 81.0667%  |  Loss/test: 0.546996, Accuracy/test: 81.8500
Epoch [  81/ 300]  |  Step [ 150/ 211]  |  Loss/train: 1.046435, Accuracy/train:  81.9219
Epoch [  81/ 300]  |  Summary  |  Loss/val: 0.577097, Accuracy/val: 80.6500%  |  Loss/test: 0.540015, Accuracy/test: 82.0700
Epoch [  82/ 300]  |  Step [ 150/ 211]  |  Loss/train: 1.041889, Accuracy/train:  81.9922
Epoch [  82/ 300]  |  Summary  |  Loss/val: 0.604485, Accuracy/val: 79.8167%  |  Loss/test: 0.567200, Accuracy/test: 81.1500
Epoch [  83/ 300]  |  Step [ 150/ 211]  |  Loss/train: 1.040694, Accuracy/train:  81.8047
Epoch [  83/ 300]  |  Summary  |  Loss/val: 0.550589, Accuracy/val: 82.1667%  |  Loss/test: 0.522362, Accuracy/test: 83.0800
Epoch [  84/ 300]  |  Step [ 150/ 211]  |  Loss/train: 1.042389, Accuracy/train:  81.9167
Epoch [  84/ 300]  |  Summary  |  Loss/val: 0.554154, Accuracy/val: 82.0333%  |  Loss/test: 0.535137, Accuracy/test: 82.7500
Epoch [  85/ 300]  |  Step [ 150/ 211]  |  Loss/train: 1.031410, Accuracy/train:  82.4167
Epoch [  85/ 300]  |  Summary  |  Loss/val: 0.543556, Accuracy/val: 81.8333%  |  Loss/test: 0.519144, Accuracy/test: 83.0100
Epoch [  86/ 300]  |  Step [ 150/ 211]  |  Loss/train: 1.057180, Accuracy/train:  81.2995
Epoch [  86/ 300]  |  Summary  |  Loss/val: 0.564691, Accuracy/val: 81.7000%  |  Loss/test: 0.529057, Accuracy/test: 82.2700
Epoch [  87/ 300]  |  Step [ 150/ 211]  |  Loss/train: 1.035305, Accuracy/train:  82.5260
Epoch [  87/ 300]  |  Summary  |  Loss/val: 0.523660, Accuracy/val: 82.5833%  |  Loss/test: 0.504721, Accuracy/test: 83.2900
Epoch [  88/ 300]  |  Step [ 150/ 211]  |  Loss/train: 1.034668, Accuracy/train:  82.2734
Epoch [  88/ 300]  |  Summary  |  Loss/val: 0.533277, Accuracy/val: 82.8000%  |  Loss/test: 0.504203, Accuracy/test: 83.8500
Epoch [  89/ 300]  |  Step [ 150/ 211]  |  Loss/train: 1.031726, Accuracy/train:  82.5312
Epoch [  89/ 300]  |  Summary  |  Loss/val: 0.536981, Accuracy/val: 82.3500%  |  Loss/test: 0.531762, Accuracy/test: 81.9500
Epoch [  90/ 300]  |  Step [ 150/ 211]  |  Loss/train: 1.032298, Accuracy/train:  82.5807
Epoch [  90/ 300]  |  Summary  |  Loss/val: 0.527291, Accuracy/val: 82.8500%  |  Loss/test: 0.513730, Accuracy/test: 83.2300
Epoch [  91/ 300]  |  Step [ 150/ 211]  |  Loss/train: 1.021413, Accuracy/train:  83.1276
Epoch [  91/ 300]  |  Summary  |  Loss/val: 0.908616, Accuracy/val: 67.4833%  |  Loss/test: 0.896778, Accuracy/test: 67.7400
Epoch [  92/ 300]  |  Step [ 150/ 211]  |  Loss/train: 1.030176, Accuracy/train:  82.9740
Epoch [  92/ 300]  |  Summary  |  Loss/val: 0.553434, Accuracy/val: 80.6333%  |  Loss/test: 0.519577, Accuracy/test: 81.8400
Epoch [  93/ 300]  |  Step [ 150/ 211]  |  Loss/train: 1.024285, Accuracy/train:  82.7005
Epoch [  93/ 300]  |  Summary  |  Loss/val: 0.528559, Accuracy/val: 82.7500%  |  Loss/test: 0.493525, Accuracy/test: 83.6100
Epoch [  94/ 300]  |  Step [ 150/ 211]  |  Loss/train: 1.018099, Accuracy/train:  83.4297
Epoch [  94/ 300]  |  Summary  |  Loss/val: 0.514229, Accuracy/val: 83.0667%  |  Loss/test: 0.484791, Accuracy/test: 84.3900
Epoch [  95/ 300]  |  Step [ 150/ 211]  |  Loss/train: 1.022783, Accuracy/train:  82.9609
Epoch [  95/ 300]  |  Summary  |  Loss/val: 0.512585, Accuracy/val: 82.9167%  |  Loss/test: 0.484326, Accuracy/test: 83.9200
Epoch [  96/ 300]  |  Step [ 150/ 211]  |  Loss/train: 1.019332, Accuracy/train:  83.2083
Epoch [  96/ 300]  |  Summary  |  Loss/val: 0.529124, Accuracy/val: 82.6000%  |  Loss/test: 0.494869, Accuracy/test: 83.7200
Epoch [  97/ 300]  |  Step [ 150/ 211]  |  Loss/train: 1.012841, Accuracy/train:  83.5938
Epoch [  97/ 300]  |  Summary  |  Loss/val: 0.501526, Accuracy/val: 83.5333%  |  Loss/test: 0.470503, Accuracy/test: 84.2900
Epoch [  98/ 300]  |  Step [ 150/ 211]  |  Loss/train: 1.023085, Accuracy/train:  82.9818
Epoch [  98/ 300]  |  Summary  |  Loss/val: 0.516022, Accuracy/val: 83.1667%  |  Loss/test: 0.491173, Accuracy/test: 83.8300
Epoch [  99/ 300]  |  Step [ 150/ 211]  |  Loss/train: 1.009374, Accuracy/train:  83.8125
Epoch [  99/ 300]  |  Summary  |  Loss/val: 0.521011, Accuracy/val: 82.6667%  |  Loss/test: 0.484747, Accuracy/test: 84.0600
Epoch [ 100/ 300]  |  Step [ 150/ 211]  |  Loss/train: 1.003419, Accuracy/train:  83.7839
Epoch [ 100/ 300]  |  Summary  |  Loss/val: 0.512976, Accuracy/val: 82.7833%  |  Loss/test: 0.493900, Accuracy/test: 83.1300
Epoch [ 101/ 300]  |  Step [ 150/ 211]  |  Loss/train: 1.007484, Accuracy/train:  83.7396
Epoch [ 101/ 300]  |  Summary  |  Loss/val: 0.557691, Accuracy/val: 81.7167%  |  Loss/test: 0.529287, Accuracy/test: 82.6700
Epoch [ 102/ 300]  |  Step [ 150/ 211]  |  Loss/train: 1.000189, Accuracy/train:  84.1172
Epoch [ 102/ 300]  |  Summary  |  Loss/val: 0.506467, Accuracy/val: 83.5333%  |  Loss/test: 0.476182, Accuracy/test: 84.2000
Epoch [ 103/ 300]  |  Step [ 150/ 211]  |  Loss/train: 1.006568, Accuracy/train:  83.9531
Epoch [ 103/ 300]  |  Summary  |  Loss/val: 0.529542, Accuracy/val: 81.0833%  |  Loss/test: 0.497826, Accuracy/test: 82.8600
Epoch [ 104/ 300]  |  Step [ 150/ 211]  |  Loss/train: 1.000109, Accuracy/train:  84.0130
Epoch [ 104/ 300]  |  Summary  |  Loss/val: 0.503585, Accuracy/val: 83.6333%  |  Loss/test: 0.472645, Accuracy/test: 84.7300
Epoch [ 105/ 300]  |  Step [ 150/ 211]  |  Loss/train: 0.997643, Accuracy/train:  84.4479
Epoch [ 105/ 300]  |  Summary  |  Loss/val: 0.502436, Accuracy/val: 83.5167%  |  Loss/test: 0.483423, Accuracy/test: 84.0700
Epoch [ 106/ 300]  |  Step [ 150/ 211]  |  Loss/train: 0.998064, Accuracy/train:  84.1536
Epoch [ 106/ 300]  |  Summary  |  Loss/val: 0.491627, Accuracy/val: 83.7667%  |  Loss/test: 0.463888, Accuracy/test: 85.0000
Epoch [ 107/ 300]  |  Step [ 150/ 211]  |  Loss/train: 0.994290, Accuracy/train:  84.4193
Epoch [ 107/ 300]  |  Summary  |  Loss/val: 0.477664, Accuracy/val: 85.1667%  |  Loss/test: 0.465336, Accuracy/test: 85.0900
Epoch [ 108/ 300]  |  Step [ 150/ 211]  |  Loss/train: 0.995348, Accuracy/train:  84.3385
Epoch [ 108/ 300]  |  Summary  |  Loss/val: 0.503018, Accuracy/val: 83.1833%  |  Loss/test: 0.469674, Accuracy/test: 84.1500
Epoch [ 109/ 300]  |  Step [ 150/ 211]  |  Loss/train: 0.993353, Accuracy/train:  84.5365
Epoch [ 109/ 300]  |  Summary  |  Loss/val: 0.499563, Accuracy/val: 83.6167%  |  Loss/test: 0.480474, Accuracy/test: 84.3100
Epoch [ 110/ 300]  |  Step [ 150/ 211]  |  Loss/train: 1.001585, Accuracy/train:  84.1745
Epoch [ 110/ 300]  |  Summary  |  Loss/val: 0.474620, Accuracy/val: 85.3667%  |  Loss/test: 0.450993, Accuracy/test: 85.6600
Epoch [ 111/ 300]  |  Step [ 150/ 211]  |  Loss/train: 0.988121, Accuracy/train:  84.9635
Epoch [ 111/ 300]  |  Summary  |  Loss/val: 0.502031, Accuracy/val: 83.8000%  |  Loss/test: 0.467894, Accuracy/test: 84.9700
Epoch [ 112/ 300]  |  Step [ 150/ 211]  |  Loss/train: 0.987464, Accuracy/train:  84.7318
Epoch [ 112/ 300]  |  Summary  |  Loss/val: 0.482989, Accuracy/val: 83.9667%  |  Loss/test: 0.455118, Accuracy/test: 85.3200
Epoch [ 113/ 300]  |  Step [ 150/ 211]  |  Loss/train: 0.983942, Accuracy/train:  85.0339
Epoch [ 113/ 300]  |  Summary  |  Loss/val: 0.483999, Accuracy/val: 84.6500%  |  Loss/test: 0.449780, Accuracy/test: 85.3200
Epoch [ 114/ 300]  |  Step [ 150/ 211]  |  Loss/train: 0.994434, Accuracy/train:  84.6771
Epoch [ 114/ 300]  |  Summary  |  Loss/val: 0.503225, Accuracy/val: 84.1000%  |  Loss/test: 0.483413, Accuracy/test: 84.2900
Epoch [ 115/ 300]  |  Step [ 150/ 211]  |  Loss/train: 0.983742, Accuracy/train:  85.1875
Epoch [ 115/ 300]  |  Summary  |  Loss/val: 0.499190, Accuracy/val: 84.1333%  |  Loss/test: 0.471412, Accuracy/test: 84.6800
Epoch [ 116/ 300]  |  Step [ 150/ 211]  |  Loss/train: 0.981536, Accuracy/train:  85.3203
Epoch [ 116/ 300]  |  Summary  |  Loss/val: 0.517917, Accuracy/val: 83.5333%  |  Loss/test: 0.496407, Accuracy/test: 84.9200
Epoch [ 117/ 300]  |  Step [ 150/ 211]  |  Loss/train: 0.990062, Accuracy/train:  84.7526
Epoch [ 117/ 300]  |  Summary  |  Loss/val: 0.474171, Accuracy/val: 85.4167%  |  Loss/test: 0.455212, Accuracy/test: 85.7300
Epoch [ 118/ 300]  |  Step [ 150/ 211]  |  Loss/train: 0.979654, Accuracy/train:  85.4115
Epoch [ 118/ 300]  |  Summary  |  Loss/val: 0.479362, Accuracy/val: 85.1833%  |  Loss/test: 0.449936, Accuracy/test: 85.7100
Epoch [ 119/ 300]  |  Step [ 150/ 211]  |  Loss/train: 0.977402, Accuracy/train:  85.5130
Epoch [ 119/ 300]  |  Summary  |  Loss/val: 0.480194, Accuracy/val: 84.7167%  |  Loss/test: 0.449259, Accuracy/test: 85.0200
Epoch [ 120/ 300]  |  Step [ 150/ 211]  |  Loss/train: 0.990684, Accuracy/train:  85.5130
Epoch [ 120/ 300]  |  Summary  |  Loss/val: 0.500952, Accuracy/val: 83.4667%  |  Loss/test: 0.481653, Accuracy/test: 84.1600
Epoch [ 121/ 300]  |  Step [ 150/ 211]  |  Loss/train: 0.990187, Accuracy/train:  85.1224
Epoch [ 121/ 300]  |  Summary  |  Loss/val: 0.470438, Accuracy/val: 84.5167%  |  Loss/test: 0.438091, Accuracy/test: 85.9100
Epoch [ 122/ 300]  |  Step [ 150/ 211]  |  Loss/train: 0.983547, Accuracy/train:  85.1484
Epoch [ 122/ 300]  |  Summary  |  Loss/val: 0.461891, Accuracy/val: 85.8667%  |  Loss/test: 0.442811, Accuracy/test: 86.0600
Epoch [ 123/ 300]  |  Step [ 150/ 211]  |  Loss/train: 0.982196, Accuracy/train:  85.2552
Epoch [ 123/ 300]  |  Summary  |  Loss/val: 0.462695, Accuracy/val: 85.2833%  |  Loss/test: 0.439971, Accuracy/test: 85.7200
Epoch [ 124/ 300]  |  Step [ 150/ 211]  |  Loss/train: 0.974498, Accuracy/train:  85.6562
Epoch [ 124/ 300]  |  Summary  |  Loss/val: 0.475301, Accuracy/val: 84.8667%  |  Loss/test: 0.451191, Accuracy/test: 85.8800
Epoch [ 125/ 300]  |  Step [ 150/ 211]  |  Loss/train: 0.975944, Accuracy/train:  85.5130
Epoch [ 125/ 300]  |  Summary  |  Loss/val: 0.481449, Accuracy/val: 84.8667%  |  Loss/test: 0.468681, Accuracy/test: 84.8800
Epoch [ 126/ 300]  |  Step [ 150/ 211]  |  Loss/train: 0.970720, Accuracy/train:  86.1120
Epoch [ 126/ 300]  |  Summary  |  Loss/val: 0.469876, Accuracy/val: 84.4833%  |  Loss/test: 0.445982, Accuracy/test: 85.4800
Epoch [ 127/ 300]  |  Step [ 150/ 211]  |  Loss/train: 0.989151, Accuracy/train:  85.2318
Epoch [ 127/ 300]  |  Summary  |  Loss/val: 0.468045, Accuracy/val: 84.3833%  |  Loss/test: 0.445020, Accuracy/test: 85.4600
Epoch [ 128/ 300]  |  Step [ 150/ 211]  |  Loss/train: 0.982602, Accuracy/train:  85.5547
Epoch [ 128/ 300]  |  Summary  |  Loss/val: 0.470608, Accuracy/val: 84.6833%  |  Loss/test: 0.458522, Accuracy/test: 85.3200
Epoch [ 129/ 300]  |  Step [ 150/ 211]  |  Loss/train: 0.970102, Accuracy/train:  85.8828
Epoch [ 129/ 300]  |  Summary  |  Loss/val: 0.463844, Accuracy/val: 85.3833%  |  Loss/test: 0.442833, Accuracy/test: 86.0200
Epoch [ 130/ 300]  |  Step [ 150/ 211]  |  Loss/train: 0.970531, Accuracy/train:  85.8411
Epoch [ 130/ 300]  |  Summary  |  Loss/val: 0.486454, Accuracy/val: 84.5000%  |  Loss/test: 0.467072, Accuracy/test: 85.0800
Epoch [ 131/ 300]  |  Step [ 150/ 211]  |  Loss/train: 0.981767, Accuracy/train:  85.7578
Epoch [ 131/ 300]  |  Summary  |  Loss/val: 0.466148, Accuracy/val: 84.2333%  |  Loss/test: 0.447314, Accuracy/test: 85.3200
Epoch [ 132/ 300]  |  Step [ 150/ 211]  |  Loss/train: 0.970364, Accuracy/train:  85.9766
Epoch [ 132/ 300]  |  Summary  |  Loss/val: 0.485365, Accuracy/val: 84.2000%  |  Loss/test: 0.452491, Accuracy/test: 85.3900
Epoch [ 133/ 300]  |  Step [ 150/ 211]  |  Loss/train: 0.980109, Accuracy/train:  85.6693
Epoch [ 133/ 300]  |  Summary  |  Loss/val: 0.459383, Accuracy/val: 85.5333%  |  Loss/test: 0.433811, Accuracy/test: 85.9100
Epoch [ 134/ 300]  |  Step [ 150/ 211]  |  Loss/train: 0.964757, Accuracy/train:  86.1380
Epoch [ 134/ 300]  |  Summary  |  Loss/val: 0.459742, Accuracy/val: 85.2000%  |  Loss/test: 0.439039, Accuracy/test: 85.8600
Epoch [ 135/ 300]  |  Step [ 150/ 211]  |  Loss/train: 0.984535, Accuracy/train:  85.5286
Epoch [ 135/ 300]  |  Summary  |  Loss/val: 0.472134, Accuracy/val: 83.9500%  |  Loss/test: 0.445034, Accuracy/test: 84.7900
Epoch [ 136/ 300]  |  Step [ 150/ 211]  |  Loss/train: 0.970072, Accuracy/train:  86.0729
Epoch [ 136/ 300]  |  Summary  |  Loss/val: 0.458038, Accuracy/val: 85.4000%  |  Loss/test: 0.443143, Accuracy/test: 85.5200
Epoch [ 137/ 300]  |  Step [ 150/ 211]  |  Loss/train: 0.966090, Accuracy/train:  86.2865
Epoch [ 137/ 300]  |  Summary  |  Loss/val: 0.443814, Accuracy/val: 86.3000%  |  Loss/test: 0.430503, Accuracy/test: 86.1500
Epoch [ 138/ 300]  |  Step [ 150/ 211]  |  Loss/train: 0.971493, Accuracy/train:  86.1589
Epoch [ 138/ 300]  |  Summary  |  Loss/val: 0.447130, Accuracy/val: 86.3500%  |  Loss/test: 0.425192, Accuracy/test: 87.0800
Epoch [ 139/ 300]  |  Step [ 150/ 211]  |  Loss/train: 0.964418, Accuracy/train:  86.5156
Epoch [ 139/ 300]  |  Summary  |  Loss/val: 0.469916, Accuracy/val: 84.7833%  |  Loss/test: 0.439515, Accuracy/test: 85.1400
Epoch [ 140/ 300]  |  Step [ 150/ 211]  |  Loss/train: 0.966004, Accuracy/train:  86.3828
Epoch [ 140/ 300]  |  Summary  |  Loss/val: 0.440738, Accuracy/val: 85.8500%  |  Loss/test: 0.425469, Accuracy/test: 86.3900
Epoch [ 141/ 300]  |  Step [ 150/ 211]  |  Loss/train: 0.962269, Accuracy/train:  86.3151
Epoch [ 141/ 300]  |  Summary  |  Loss/val: 0.446383, Accuracy/val: 85.6667%  |  Loss/test: 0.413857, Accuracy/test: 86.8900
Epoch [ 142/ 300]  |  Step [ 150/ 211]  |  Loss/train: 0.998003, Accuracy/train:  85.5495
Epoch [ 142/ 300]  |  Summary  |  Loss/val: 0.468015, Accuracy/val: 84.9500%  |  Loss/test: 0.435881, Accuracy/test: 85.9600
Epoch [ 143/ 300]  |  Step [ 150/ 211]  |  Loss/train: 0.962615, Accuracy/train:  86.5625
Epoch [ 143/ 300]  |  Summary  |  Loss/val: 0.458354, Accuracy/val: 85.7000%  |  Loss/test: 0.438034, Accuracy/test: 86.1000
Epoch [ 144/ 300]  |  Step [ 150/ 211]  |  Loss/train: 0.959774, Accuracy/train:  86.6198
Epoch [ 144/ 300]  |  Summary  |  Loss/val: 0.470928, Accuracy/val: 85.2500%  |  Loss/test: 0.457166, Accuracy/test: 85.6700
Epoch [ 145/ 300]  |  Step [ 150/ 211]  |  Loss/train: 0.960060, Accuracy/train:  86.6068
Epoch [ 145/ 300]  |  Summary  |  Loss/val: 0.448933, Accuracy/val: 85.6667%  |  Loss/test: 0.410345, Accuracy/test: 86.7900
Epoch [ 146/ 300]  |  Step [ 150/ 211]  |  Loss/train: 0.997668, Accuracy/train:  85.6484
Epoch [ 146/ 300]  |  Summary  |  Loss/val: 0.452339, Accuracy/val: 84.7500%  |  Loss/test: 0.422530, Accuracy/test: 85.5200
Epoch [ 147/ 300]  |  Step [ 150/ 211]  |  Loss/train: 0.960122, Accuracy/train:  86.4870
Epoch [ 147/ 300]  |  Summary  |  Loss/val: 0.454102, Accuracy/val: 85.6833%  |  Loss/test: 0.434550, Accuracy/test: 85.9100
Epoch [ 148/ 300]  |  Step [ 150/ 211]  |  Loss/train: 0.957668, Accuracy/train:  86.6328
Epoch [ 148/ 300]  |  Summary  |  Loss/val: 0.447010, Accuracy/val: 85.5333%  |  Loss/test: 0.425475, Accuracy/test: 86.4100
Epoch [ 149/ 300]  |  Step [ 150/ 211]  |  Loss/train: 0.959130, Accuracy/train:  86.6667
Epoch [ 149/ 300]  |  Summary  |  Loss/val: 0.450577, Accuracy/val: 85.5000%  |  Loss/test: 0.423368, Accuracy/test: 85.9500
Epoch [ 150/ 300]  |  Step [ 150/ 211]  |  Loss/train: 0.962590, Accuracy/train:  86.3594
Epoch [ 150/ 300]  |  Summary  |  Loss/val: 0.436050, Accuracy/val: 86.4167%  |  Loss/test: 0.405871, Accuracy/test: 86.9500
Epoch [ 151/ 300]  |  Step [ 150/ 211]  |  Loss/train: 0.956596, Accuracy/train:  86.7500
Epoch [ 151/ 300]  |  Summary  |  Loss/val: 0.444876, Accuracy/val: 85.2833%  |  Loss/test: 0.427931, Accuracy/test: 85.8100
Epoch [ 152/ 300]  |  Step [ 150/ 211]  |  Loss/train: 0.965720, Accuracy/train:  86.4948
Epoch [ 152/ 300]  |  Summary  |  Loss/val: 0.461191, Accuracy/val: 85.3333%  |  Loss/test: 0.437627, Accuracy/test: 86.0700
Epoch [ 153/ 300]  |  Step [ 150/ 211]  |  Loss/train: 0.960106, Accuracy/train:  86.8568
Epoch [ 153/ 300]  |  Summary  |  Loss/val: 0.447577, Accuracy/val: 85.6833%  |  Loss/test: 0.414472, Accuracy/test: 86.7900
Epoch [ 154/ 300]  |  Step [ 150/ 211]  |  Loss/train: 0.957273, Accuracy/train:  86.4714
Epoch [ 154/ 300]  |  Summary  |  Loss/val: 0.433214, Accuracy/val: 86.0500%  |  Loss/test: 0.412096, Accuracy/test: 87.0100
Epoch [ 155/ 300]  |  Step [ 150/ 211]  |  Loss/train: 0.953041, Accuracy/train:  86.9818
Epoch [ 155/ 300]  |  Summary  |  Loss/val: 0.447317, Accuracy/val: 85.6000%  |  Loss/test: 0.413707, Accuracy/test: 87.0400
Epoch [ 156/ 300]  |  Step [ 150/ 211]  |  Loss/train: 0.955065, Accuracy/train:  86.9479
Epoch [ 156/ 300]  |  Summary  |  Loss/val: 0.446814, Accuracy/val: 86.3167%  |  Loss/test: 0.422178, Accuracy/test: 86.8600
Epoch [ 157/ 300]  |  Step [ 150/ 211]  |  Loss/train: 0.952570, Accuracy/train:  87.0391
Epoch [ 157/ 300]  |  Summary  |  Loss/val: 0.433169, Accuracy/val: 86.2500%  |  Loss/test: 0.412241, Accuracy/test: 86.7200
Epoch [ 158/ 300]  |  Step [ 150/ 211]  |  Loss/train: 0.951677, Accuracy/train:  87.1094
Epoch [ 158/ 300]  |  Summary  |  Loss/val: 0.428992, Accuracy/val: 86.6833%  |  Loss/test: 0.406948, Accuracy/test: 87.0600
Epoch [ 159/ 300]  |  Step [ 150/ 211]  |  Loss/train: 0.952616, Accuracy/train:  86.9766
Epoch [ 159/ 300]  |  Summary  |  Loss/val: 0.429362, Accuracy/val: 86.2667%  |  Loss/test: 0.398713, Accuracy/test: 87.1400
Epoch [ 160/ 300]  |  Step [ 150/ 211]  |  Loss/train: 0.953980, Accuracy/train:  86.9505
Epoch [ 160/ 300]  |  Summary  |  Loss/val: 0.429331, Accuracy/val: 86.4667%  |  Loss/test: 0.399834, Accuracy/test: 87.1700
Epoch [ 161/ 300]  |  Step [ 150/ 211]  |  Loss/train: 0.947271, Accuracy/train:  87.1224
Epoch [ 161/ 300]  |  Summary  |  Loss/val: 0.426504, Accuracy/val: 86.8000%  |  Loss/test: 0.408104, Accuracy/test: 86.9000
Epoch [ 162/ 300]  |  Step [ 150/ 211]  |  Loss/train: 0.951992, Accuracy/train:  87.3359
Epoch [ 162/ 300]  |  Summary  |  Loss/val: 0.430180, Accuracy/val: 86.6833%  |  Loss/test: 0.404155, Accuracy/test: 87.3500
Epoch [ 163/ 300]  |  Step [ 150/ 211]  |  Loss/train: 0.949382, Accuracy/train:  86.9401
Epoch [ 163/ 300]  |  Summary  |  Loss/val: 0.435141, Accuracy/val: 86.3000%  |  Loss/test: 0.412950, Accuracy/test: 87.0500
Epoch [ 164/ 300]  |  Step [ 150/ 211]  |  Loss/train: 0.953843, Accuracy/train:  86.9245
Epoch [ 164/ 300]  |  Summary  |  Loss/val: 0.439920, Accuracy/val: 85.5500%  |  Loss/test: 0.408175, Accuracy/test: 86.6600
Epoch [ 165/ 300]  |  Step [ 150/ 211]  |  Loss/train: 0.947966, Accuracy/train:  87.2500
Epoch [ 165/ 300]  |  Summary  |  Loss/val: 0.440689, Accuracy/val: 86.0500%  |  Loss/test: 0.413005, Accuracy/test: 86.8600
Epoch [ 166/ 300]  |  Step [ 150/ 211]  |  Loss/train: 0.952496, Accuracy/train:  87.4948
Epoch [ 166/ 300]  |  Summary  |  Loss/val: 0.420891, Accuracy/val: 86.3000%  |  Loss/test: 0.398865, Accuracy/test: 87.5500
Epoch [ 167/ 300]  |  Step [ 150/ 211]  |  Loss/train: 0.954330, Accuracy/train:  87.0990
Epoch [ 167/ 300]  |  Summary  |  Loss/val: 0.445900, Accuracy/val: 85.9667%  |  Loss/test: 0.416266, Accuracy/test: 86.9200
Epoch [ 168/ 300]  |  Step [ 150/ 211]  |  Loss/train: 0.946393, Accuracy/train:  87.3906
Epoch [ 168/ 300]  |  Summary  |  Loss/val: 0.418552, Accuracy/val: 86.6333%  |  Loss/test: 0.391244, Accuracy/test: 87.6000
Epoch [ 169/ 300]  |  Step [ 150/ 211]  |  Loss/train: 0.942524, Accuracy/train:  87.5521
Epoch [ 169/ 300]  |  Summary  |  Loss/val: 0.429866, Accuracy/val: 86.7000%  |  Loss/test: 0.411573, Accuracy/test: 86.5900
Epoch [ 170/ 300]  |  Step [ 150/ 211]  |  Loss/train: 0.948900, Accuracy/train:  87.0000
Epoch [ 170/ 300]  |  Summary  |  Loss/val: 0.424610, Accuracy/val: 86.6833%  |  Loss/test: 0.392899, Accuracy/test: 87.5000
Epoch [ 171/ 300]  |  Step [ 150/ 211]  |  Loss/train: 0.947235, Accuracy/train:  87.4271
Epoch [ 171/ 300]  |  Summary  |  Loss/val: 0.417927, Accuracy/val: 86.7667%  |  Loss/test: 0.393382, Accuracy/test: 87.7900
Epoch [ 172/ 300]  |  Step [ 150/ 211]  |  Loss/train: 0.963339, Accuracy/train:  86.9036
Epoch [ 172/ 300]  |  Summary  |  Loss/val: 0.412935, Accuracy/val: 86.6833%  |  Loss/test: 0.394420, Accuracy/test: 87.5000
Epoch [ 173/ 300]  |  Step [ 150/ 211]  |  Loss/train: 0.946140, Accuracy/train:  87.5234
Epoch [ 173/ 300]  |  Summary  |  Loss/val: 0.425866, Accuracy/val: 86.9500%  |  Loss/test: 0.407271, Accuracy/test: 87.1200
Epoch [ 174/ 300]  |  Step [ 150/ 211]  |  Loss/train: 0.948649, Accuracy/train:  87.2812
Epoch [ 174/ 300]  |  Summary  |  Loss/val: 0.437305, Accuracy/val: 86.1333%  |  Loss/test: 0.412556, Accuracy/test: 86.6800
Epoch [ 175/ 300]  |  Step [ 150/ 211]  |  Loss/train: 0.943846, Accuracy/train:  87.5625
Epoch [ 175/ 300]  |  Summary  |  Loss/val: 0.412108, Accuracy/val: 87.4000%  |  Loss/test: 0.400737, Accuracy/test: 87.7700
Epoch [ 176/ 300]  |  Step [ 150/ 211]  |  Loss/train: 0.946415, Accuracy/train:  87.3125
Epoch [ 176/ 300]  |  Summary  |  Loss/val: 0.424593, Accuracy/val: 86.2333%  |  Loss/test: 0.390680, Accuracy/test: 88.3300
Epoch [ 177/ 300]  |  Step [ 150/ 211]  |  Loss/train: 0.944554, Accuracy/train:  87.6276
Epoch [ 177/ 300]  |  Summary  |  Loss/val: 0.433028, Accuracy/val: 85.9500%  |  Loss/test: 0.406757, Accuracy/test: 86.5100
Epoch [ 178/ 300]  |  Step [ 150/ 211]  |  Loss/train: 0.939593, Accuracy/train:  87.7083
Epoch [ 178/ 300]  |  Summary  |  Loss/val: 0.411852, Accuracy/val: 87.1333%  |  Loss/test: 0.379799, Accuracy/test: 88.1200
Epoch [ 179/ 300]  |  Step [ 150/ 211]  |  Loss/train: 0.948861, Accuracy/train:  87.2240
Epoch [ 179/ 300]  |  Summary  |  Loss/val: 0.427383, Accuracy/val: 86.4667%  |  Loss/test: 0.393744, Accuracy/test: 87.3100
Epoch [ 180/ 300]  |  Step [ 150/ 211]  |  Loss/train: 0.939792, Accuracy/train:  87.8151
Epoch [ 180/ 300]  |  Summary  |  Loss/val: 0.422810, Accuracy/val: 86.2000%  |  Loss/test: 0.398151, Accuracy/test: 86.6500
Epoch [ 181/ 300]  |  Step [ 150/ 211]  |  Loss/train: 0.937009, Accuracy/train:  87.5781
Epoch [ 181/ 300]  |  Summary  |  Loss/val: 0.431786, Accuracy/val: 85.8833%  |  Loss/test: 0.401166, Accuracy/test: 86.9400
Epoch [ 182/ 300]  |  Step [ 150/ 211]  |  Loss/train: 0.953545, Accuracy/train:  87.2839
Epoch [ 182/ 300]  |  Summary  |  Loss/val: 0.415370, Accuracy/val: 86.8167%  |  Loss/test: 0.398219, Accuracy/test: 87.3900
Epoch [ 183/ 300]  |  Step [ 150/ 211]  |  Loss/train: 0.941658, Accuracy/train:  87.9714
Epoch [ 183/ 300]  |  Summary  |  Loss/val: 0.415876, Accuracy/val: 86.0000%  |  Loss/test: 0.395152, Accuracy/test: 86.9800
Epoch [ 184/ 300]  |  Step [ 150/ 211]  |  Loss/train: 0.939108, Accuracy/train:  87.4036
Epoch [ 184/ 300]  |  Summary  |  Loss/val: 0.410043, Accuracy/val: 87.4333%  |  Loss/test: 0.391023, Accuracy/test: 87.8500
Epoch [ 185/ 300]  |  Step [ 150/ 211]  |  Loss/train: 0.935206, Accuracy/train:  87.8672
Epoch [ 185/ 300]  |  Summary  |  Loss/val: 0.416881, Accuracy/val: 86.7333%  |  Loss/test: 0.398506, Accuracy/test: 87.3600
Epoch [ 186/ 300]  |  Step [ 150/ 211]  |  Loss/train: 0.941650, Accuracy/train:  87.6745
Epoch [ 186/ 300]  |  Summary  |  Loss/val: 0.405808, Accuracy/val: 87.4333%  |  Loss/test: 0.396946, Accuracy/test: 87.8400
Epoch [ 187/ 300]  |  Step [ 150/ 211]  |  Loss/train: 0.936100, Accuracy/train:  87.7760
Epoch [ 187/ 300]  |  Summary  |  Loss/val: 0.410060, Accuracy/val: 87.1333%  |  Loss/test: 0.392924, Accuracy/test: 87.3800
Epoch [ 188/ 300]  |  Step [ 150/ 211]  |  Loss/train: 0.934730, Accuracy/train:  88.0938
Epoch [ 188/ 300]  |  Summary  |  Loss/val: 0.421979, Accuracy/val: 85.9000%  |  Loss/test: 0.397574, Accuracy/test: 86.8700
Epoch [ 189/ 300]  |  Step [ 150/ 211]  |  Loss/train: 0.937540, Accuracy/train:  87.8203
Epoch [ 189/ 300]  |  Summary  |  Loss/val: 0.419922, Accuracy/val: 86.6167%  |  Loss/test: 0.391262, Accuracy/test: 87.8100
Epoch [ 190/ 300]  |  Step [ 150/ 211]  |  Loss/train: 0.940357, Accuracy/train:  87.6953
Epoch [ 190/ 300]  |  Summary  |  Loss/val: 0.415645, Accuracy/val: 87.0667%  |  Loss/test: 0.384337, Accuracy/test: 87.8500
Epoch [ 191/ 300]  |  Step [ 150/ 211]  |  Loss/train: 0.938427, Accuracy/train:  87.7422
Epoch [ 191/ 300]  |  Summary  |  Loss/val: 0.411222, Accuracy/val: 87.0000%  |  Loss/test: 0.378149, Accuracy/test: 88.1700
Epoch [ 192/ 300]  |  Step [ 150/ 211]  |  Loss/train: 0.935965, Accuracy/train:  87.9167
Epoch [ 192/ 300]  |  Summary  |  Loss/val: 0.399615, Accuracy/val: 87.8833%  |  Loss/test: 0.378991, Accuracy/test: 88.5000
Epoch [ 193/ 300]  |  Step [ 150/ 211]  |  Loss/train: 0.931992, Accuracy/train:  88.2552
Epoch [ 193/ 300]  |  Summary  |  Loss/val: 0.406777, Accuracy/val: 87.5500%  |  Loss/test: 0.389722, Accuracy/test: 87.8700
Epoch [ 194/ 300]  |  Step [ 150/ 211]  |  Loss/train: 0.933425, Accuracy/train:  88.0859
Epoch [ 194/ 300]  |  Summary  |  Loss/val: 0.419025, Accuracy/val: 87.1500%  |  Loss/test: 0.391235, Accuracy/test: 87.7800
Epoch [ 195/ 300]  |  Step [ 150/ 211]  |  Loss/train: 0.934975, Accuracy/train:  87.9844
Epoch [ 195/ 300]  |  Summary  |  Loss/val: 0.403026, Accuracy/val: 88.2500%  |  Loss/test: 0.385851, Accuracy/test: 87.9800
Epoch [ 196/ 300]  |  Step [ 150/ 211]  |  Loss/train: 0.930129, Accuracy/train:  87.9609
Epoch [ 196/ 300]  |  Summary  |  Loss/val: 0.401863, Accuracy/val: 87.2000%  |  Loss/test: 0.383046, Accuracy/test: 87.8300
Epoch [ 197/ 300]  |  Step [ 150/ 211]  |  Loss/train: 0.937893, Accuracy/train:  87.9427
Epoch [ 197/ 300]  |  Summary  |  Loss/val: 0.398607, Accuracy/val: 87.3667%  |  Loss/test: 0.376271, Accuracy/test: 88.4100
Epoch [ 198/ 300]  |  Step [ 150/ 211]  |  Loss/train: 0.931443, Accuracy/train:  88.0130
Epoch [ 198/ 300]  |  Summary  |  Loss/val: 0.403969, Accuracy/val: 87.6833%  |  Loss/test: 0.378992, Accuracy/test: 88.5900
Epoch [ 199/ 300]  |  Step [ 150/ 211]  |  Loss/train: 0.935814, Accuracy/train:  88.1016
Epoch [ 199/ 300]  |  Summary  |  Loss/val: 0.435151, Accuracy/val: 85.8333%  |  Loss/test: 0.409782, Accuracy/test: 86.9100
Epoch [ 200/ 300]  |  Step [ 150/ 211]  |  Loss/train: 0.932324, Accuracy/train:  88.1771
Epoch [ 200/ 300]  |  Summary  |  Loss/val: 0.397206, Accuracy/val: 87.5833%  |  Loss/test: 0.369352, Accuracy/test: 88.4000
Epoch [ 201/ 300]  |  Step [ 150/ 211]  |  Loss/train: 0.932508, Accuracy/train:  88.4167
Epoch [ 201/ 300]  |  Summary  |  Loss/val: 0.413037, Accuracy/val: 86.4833%  |  Loss/test: 0.384710, Accuracy/test: 87.3200
Epoch [ 202/ 300]  |  Step [ 150/ 211]  |  Loss/train: 0.929630, Accuracy/train:  88.1484
Epoch [ 202/ 300]  |  Summary  |  Loss/val: 0.409812, Accuracy/val: 86.8833%  |  Loss/test: 0.376925, Accuracy/test: 88.2000
Epoch [ 203/ 300]  |  Step [ 150/ 211]  |  Loss/train: 0.926569, Accuracy/train:  88.2630
Epoch [ 203/ 300]  |  Summary  |  Loss/val: 0.421368, Accuracy/val: 85.8833%  |  Loss/test: 0.388851, Accuracy/test: 87.0900
Epoch [ 204/ 300]  |  Step [ 150/ 211]  |  Loss/train: 0.928825, Accuracy/train:  88.4427
Epoch [ 204/ 300]  |  Summary  |  Loss/val: 0.411374, Accuracy/val: 86.6667%  |  Loss/test: 0.382094, Accuracy/test: 87.3800
Epoch [ 205/ 300]  |  Step [ 150/ 211]  |  Loss/train: 0.934880, Accuracy/train:  88.0938
Epoch [ 205/ 300]  |  Summary  |  Loss/val: 0.433100, Accuracy/val: 86.6667%  |  Loss/test: 0.420384, Accuracy/test: 86.7900
Epoch [ 206/ 300]  |  Step [ 150/ 211]  |  Loss/train: 0.937890, Accuracy/train:  88.0547
Epoch [ 206/ 300]  |  Summary  |  Loss/val: 0.395495, Accuracy/val: 88.0500%  |  Loss/test: 0.380229, Accuracy/test: 88.0500
Epoch [ 207/ 300]  |  Step [ 150/ 211]  |  Loss/train: 0.931518, Accuracy/train:  88.2526
Epoch [ 207/ 300]  |  Summary  |  Loss/val: 0.402010, Accuracy/val: 86.8833%  |  Loss/test: 0.378495, Accuracy/test: 87.7100
Epoch [ 208/ 300]  |  Step [ 150/ 211]  |  Loss/train: 0.931465, Accuracy/train:  88.2552
Epoch [ 208/ 300]  |  Summary  |  Loss/val: 0.395190, Accuracy/val: 87.6667%  |  Loss/test: 0.376946, Accuracy/test: 88.2100
Epoch [ 209/ 300]  |  Step [ 150/ 211]  |  Loss/train: 0.936584, Accuracy/train:  88.1042
Epoch [ 209/ 300]  |  Summary  |  Loss/val: 0.398886, Accuracy/val: 87.7333%  |  Loss/test: 0.373463, Accuracy/test: 88.6700
Epoch [ 210/ 300]  |  Step [ 150/ 211]  |  Loss/train: 0.941360, Accuracy/train:  88.1302
Epoch [ 210/ 300]  |  Summary  |  Loss/val: 0.395585, Accuracy/val: 87.6000%  |  Loss/test: 0.373215, Accuracy/test: 88.5000
Epoch [ 211/ 300]  |  Step [ 150/ 211]  |  Loss/train: 0.931949, Accuracy/train:  87.9948
Epoch [ 211/ 300]  |  Summary  |  Loss/val: 0.398554, Accuracy/val: 87.8000%  |  Loss/test: 0.370740, Accuracy/test: 88.5900
Epoch [ 212/ 300]  |  Step [ 150/ 211]  |  Loss/train: 0.936430, Accuracy/train:  88.1432
Epoch [ 212/ 300]  |  Summary  |  Loss/val: 0.409718, Accuracy/val: 86.8000%  |  Loss/test: 0.386567, Accuracy/test: 87.6700
Epoch [ 213/ 300]  |  Step [ 150/ 211]  |  Loss/train: 0.937758, Accuracy/train:  88.1771
Epoch [ 213/ 300]  |  Summary  |  Loss/val: 0.410482, Accuracy/val: 86.0667%  |  Loss/test: 0.383292, Accuracy/test: 87.4500
Epoch [ 214/ 300]  |  Step [ 150/ 211]  |  Loss/train: 0.933357, Accuracy/train:  88.1380
Epoch [ 214/ 300]  |  Summary  |  Loss/val: 0.394023, Accuracy/val: 87.8333%  |  Loss/test: 0.364735, Accuracy/test: 88.4700
Epoch [ 215/ 300]  |  Step [ 150/ 211]  |  Loss/train: 0.923161, Accuracy/train:  88.5052
Epoch [ 215/ 300]  |  Summary  |  Loss/val: 0.390261, Accuracy/val: 87.9000%  |  Loss/test: 0.364919, Accuracy/test: 88.8400
Epoch [ 216/ 300]  |  Step [ 150/ 211]  |  Loss/train: 0.930694, Accuracy/train:  88.0964
Epoch [ 216/ 300]  |  Summary  |  Loss/val: 0.418021, Accuracy/val: 87.2833%  |  Loss/test: 0.392172, Accuracy/test: 87.8600
Epoch [ 217/ 300]  |  Step [ 150/ 211]  |  Loss/train: 0.933019, Accuracy/train:  88.5104
Epoch [ 217/ 300]  |  Summary  |  Loss/val: 0.398129, Accuracy/val: 86.4833%  |  Loss/test: 0.378099, Accuracy/test: 87.6900
Epoch [ 218/ 300]  |  Step [ 150/ 211]  |  Loss/train: 0.929825, Accuracy/train:  88.3698
Epoch [ 218/ 300]  |  Summary  |  Loss/val: 0.386587, Accuracy/val: 88.2167%  |  Loss/test: 0.367851, Accuracy/test: 88.4700
Epoch [ 219/ 300]  |  Step [ 150/ 211]  |  Loss/train: 0.921740, Accuracy/train:  88.6276
Epoch [ 219/ 300]  |  Summary  |  Loss/val: 0.395674, Accuracy/val: 87.6167%  |  Loss/test: 0.362205, Accuracy/test: 88.6900
Epoch [ 220/ 300]  |  Step [ 150/ 211]  |  Loss/train: 0.927233, Accuracy/train:  88.4688
Epoch [ 220/ 300]  |  Summary  |  Loss/val: 0.395683, Accuracy/val: 87.0333%  |  Loss/test: 0.376980, Accuracy/test: 88.1600
Epoch [ 221/ 300]  |  Step [ 150/ 211]  |  Loss/train: 0.924475, Accuracy/train:  88.3932
Epoch [ 221/ 300]  |  Summary  |  Loss/val: 0.392769, Accuracy/val: 87.4833%  |  Loss/test: 0.374443, Accuracy/test: 87.8500
Epoch [ 222/ 300]  |  Step [ 150/ 211]  |  Loss/train: 0.926113, Accuracy/train:  88.5339
Epoch [ 222/ 300]  |  Summary  |  Loss/val: 0.394545, Accuracy/val: 87.4167%  |  Loss/test: 0.370852, Accuracy/test: 88.6400
Epoch [ 223/ 300]  |  Step [ 150/ 211]  |  Loss/train: 0.924845, Accuracy/train:  88.4922
Epoch [ 223/ 300]  |  Summary  |  Loss/val: 0.397629, Accuracy/val: 87.5667%  |  Loss/test: 0.372425, Accuracy/test: 88.5300
Epoch [ 224/ 300]  |  Step [ 150/ 211]  |  Loss/train: 0.928854, Accuracy/train:  88.6641
Epoch [ 224/ 300]  |  Summary  |  Loss/val: 0.388444, Accuracy/val: 88.0833%  |  Loss/test: 0.369777, Accuracy/test: 88.6000
Epoch [ 225/ 300]  |  Step [ 150/ 211]  |  Loss/train: 0.922952, Accuracy/train:  88.4661
Epoch [ 225/ 300]  |  Summary  |  Loss/val: 0.383816, Accuracy/val: 88.2333%  |  Loss/test: 0.377806, Accuracy/test: 88.0100
Epoch [ 226/ 300]  |  Step [ 150/ 211]  |  Loss/train: 0.925355, Accuracy/train:  88.6380
Epoch [ 226/ 300]  |  Summary  |  Loss/val: 0.394502, Accuracy/val: 87.4333%  |  Loss/test: 0.373159, Accuracy/test: 88.3600
Epoch [ 227/ 300]  |  Step [ 150/ 211]  |  Loss/train: 0.926156, Accuracy/train:  88.5000
Epoch [ 227/ 300]  |  Summary  |  Loss/val: 0.387532, Accuracy/val: 88.2167%  |  Loss/test: 0.374199, Accuracy/test: 88.5600
Epoch [ 228/ 300]  |  Step [ 150/ 211]  |  Loss/train: 0.920688, Accuracy/train:  88.5859
Epoch [ 228/ 300]  |  Summary  |  Loss/val: 0.401027, Accuracy/val: 86.9500%  |  Loss/test: 0.377715, Accuracy/test: 88.1100
Epoch [ 229/ 300]  |  Step [ 150/ 211]  |  Loss/train: 0.920743, Accuracy/train:  88.7370
Epoch [ 229/ 300]  |  Summary  |  Loss/val: 0.399127, Accuracy/val: 87.1167%  |  Loss/test: 0.373387, Accuracy/test: 87.9400
Epoch [ 230/ 300]  |  Step [ 150/ 211]  |  Loss/train: 0.919241, Accuracy/train:  88.7891
Epoch [ 230/ 300]  |  Summary  |  Loss/val: 0.400748, Accuracy/val: 87.4000%  |  Loss/test: 0.379642, Accuracy/test: 88.1800
Epoch [ 231/ 300]  |  Step [ 150/ 211]  |  Loss/train: 0.915298, Accuracy/train:  88.9557
Epoch [ 231/ 300]  |  Summary  |  Loss/val: 0.390257, Accuracy/val: 88.1667%  |  Loss/test: 0.369318, Accuracy/test: 88.6700
Epoch [ 232/ 300]  |  Step [ 150/ 211]  |  Loss/train: 0.919591, Accuracy/train:  88.4740
Epoch [ 232/ 300]  |  Summary  |  Loss/val: 0.383808, Accuracy/val: 88.2333%  |  Loss/test: 0.358541, Accuracy/test: 88.9300
Epoch [ 233/ 300]  |  Step [ 150/ 211]  |  Loss/train: 0.928403, Accuracy/train:  88.5990
Epoch [ 233/ 300]  |  Summary  |  Loss/val: 0.392119, Accuracy/val: 87.5500%  |  Loss/test: 0.365463, Accuracy/test: 89.1500
Epoch [ 234/ 300]  |  Step [ 150/ 211]  |  Loss/train: 0.921798, Accuracy/train:  88.7188
Epoch [ 234/ 300]  |  Summary  |  Loss/val: 0.389646, Accuracy/val: 87.9167%  |  Loss/test: 0.370395, Accuracy/test: 88.7200
Epoch [ 235/ 300]  |  Step [ 150/ 211]  |  Loss/train: 0.920406, Accuracy/train:  88.6589
Epoch [ 235/ 300]  |  Summary  |  Loss/val: 0.394130, Accuracy/val: 87.1833%  |  Loss/test: 0.361985, Accuracy/test: 88.3700
Epoch [ 236/ 300]  |  Step [ 150/ 211]  |  Loss/train: 0.927213, Accuracy/train:  88.6667
Epoch [ 236/ 300]  |  Summary  |  Loss/val: 0.399655, Accuracy/val: 87.0000%  |  Loss/test: 0.372238, Accuracy/test: 88.5000
Epoch [ 237/ 300]  |  Step [ 150/ 211]  |  Loss/train: 0.916179, Accuracy/train:  88.9505
Epoch [ 237/ 300]  |  Summary  |  Loss/val: 0.387020, Accuracy/val: 87.7167%  |  Loss/test: 0.359320, Accuracy/test: 88.9900
Epoch [ 238/ 300]  |  Step [ 150/ 211]  |  Loss/train: 0.916992, Accuracy/train:  88.7396
Epoch [ 238/ 300]  |  Summary  |  Loss/val: 0.403934, Accuracy/val: 86.1500%  |  Loss/test: 0.370029, Accuracy/test: 88.0700
Epoch [ 239/ 300]  |  Step [ 150/ 211]  |  Loss/train: 0.918673, Accuracy/train:  88.9609
Epoch [ 239/ 300]  |  Summary  |  Loss/val: 0.387494, Accuracy/val: 88.3167%  |  Loss/test: 0.363265, Accuracy/test: 88.9800
Epoch [ 240/ 300]  |  Step [ 150/ 211]  |  Loss/train: 0.915334, Accuracy/train:  88.9583
Epoch [ 240/ 300]  |  Summary  |  Loss/val: 0.399073, Accuracy/val: 87.0167%  |  Loss/test: 0.377672, Accuracy/test: 88.1100
Epoch [ 241/ 300]  |  Step [ 150/ 211]  |  Loss/train: 0.917034, Accuracy/train:  88.8438
Epoch [ 241/ 300]  |  Summary  |  Loss/val: 0.392728, Accuracy/val: 87.5667%  |  Loss/test: 0.363539, Accuracy/test: 88.7800
Epoch [ 242/ 300]  |  Step [ 150/ 211]  |  Loss/train: 0.920254, Accuracy/train:  88.8125
Epoch [ 242/ 300]  |  Summary  |  Loss/val: 0.379832, Accuracy/val: 88.0333%  |  Loss/test: 0.360970, Accuracy/test: 88.6000
Epoch [ 243/ 300]  |  Step [ 150/ 211]  |  Loss/train: 0.915341, Accuracy/train:  88.8594
Epoch [ 243/ 300]  |  Summary  |  Loss/val: 0.381752, Accuracy/val: 88.4500%  |  Loss/test: 0.362791, Accuracy/test: 88.8100
Epoch [ 244/ 300]  |  Step [ 150/ 211]  |  Loss/train: 0.916752, Accuracy/train:  88.8568
Epoch [ 244/ 300]  |  Summary  |  Loss/val: 0.390793, Accuracy/val: 87.8667%  |  Loss/test: 0.356601, Accuracy/test: 88.8800
Epoch [ 245/ 300]  |  Step [ 150/ 211]  |  Loss/train: 0.918280, Accuracy/train:  88.8776
Epoch [ 245/ 300]  |  Summary  |  Loss/val: 0.394246, Accuracy/val: 87.1167%  |  Loss/test: 0.376385, Accuracy/test: 87.7600
Epoch [ 246/ 300]  |  Step [ 150/ 211]  |  Loss/train: 0.913737, Accuracy/train:  88.9792
Epoch [ 246/ 300]  |  Summary  |  Loss/val: 0.389128, Accuracy/val: 87.8167%  |  Loss/test: 0.359959, Accuracy/test: 88.7700
Epoch [ 247/ 300]  |  Step [ 150/ 211]  |  Loss/train: 0.921758, Accuracy/train:  88.7448
Epoch [ 247/ 300]  |  Summary  |  Loss/val: 0.377527, Accuracy/val: 88.7667%  |  Loss/test: 0.358831, Accuracy/test: 89.0100
Epoch [ 248/ 300]  |  Step [ 150/ 211]  |  Loss/train: 0.916644, Accuracy/train:  88.8099
Epoch [ 248/ 300]  |  Summary  |  Loss/val: 0.388743, Accuracy/val: 87.4000%  |  Loss/test: 0.366792, Accuracy/test: 89.0300
Epoch [ 249/ 300]  |  Step [ 150/ 211]  |  Loss/train: 0.917241, Accuracy/train:  89.0833
Epoch [ 249/ 300]  |  Summary  |  Loss/val: 0.397431, Accuracy/val: 87.5500%  |  Loss/test: 0.371824, Accuracy/test: 88.6400
Epoch [ 250/ 300]  |  Step [ 150/ 211]  |  Loss/train: 0.919602, Accuracy/train:  88.9010
Epoch [ 250/ 300]  |  Summary  |  Loss/val: 0.387947, Accuracy/val: 87.8333%  |  Loss/test: 0.362740, Accuracy/test: 89.0000
Epoch [ 251/ 300]  |  Step [ 150/ 211]  |  Loss/train: 0.916132, Accuracy/train:  89.0026
Epoch [ 251/ 300]  |  Summary  |  Loss/val: 0.391763, Accuracy/val: 87.7333%  |  Loss/test: 0.377248, Accuracy/test: 87.9600
Epoch [ 252/ 300]  |  Step [ 150/ 211]  |  Loss/train: 0.913048, Accuracy/train:  89.0573
Epoch [ 252/ 300]  |  Summary  |  Loss/val: 0.388617, Accuracy/val: 87.7833%  |  Loss/test: 0.366628, Accuracy/test: 88.7000
Epoch [ 253/ 300]  |  Step [ 150/ 211]  |  Loss/train: 0.914317, Accuracy/train:  89.1458
Epoch [ 253/ 300]  |  Summary  |  Loss/val: 0.389633, Accuracy/val: 87.3167%  |  Loss/test: 0.364416, Accuracy/test: 88.8000
Epoch [ 254/ 300]  |  Step [ 150/ 211]  |  Loss/train: 0.928032, Accuracy/train:  88.6198
Epoch [ 254/ 300]  |  Summary  |  Loss/val: 0.391375, Accuracy/val: 87.5500%  |  Loss/test: 0.370673, Accuracy/test: 88.2700
Epoch [ 255/ 300]  |  Step [ 150/ 211]  |  Loss/train: 0.916655, Accuracy/train:  88.9297
Epoch [ 255/ 300]  |  Summary  |  Loss/val: 0.377168, Accuracy/val: 88.1500%  |  Loss/test: 0.354802, Accuracy/test: 89.2300
Epoch [ 256/ 300]  |  Step [ 150/ 211]  |  Loss/train: 0.913374, Accuracy/train:  89.0573
Epoch [ 256/ 300]  |  Summary  |  Loss/val: 0.369941, Accuracy/val: 88.3000%  |  Loss/test: 0.351981, Accuracy/test: 89.3000
Epoch [ 257/ 300]  |  Step [ 150/ 211]  |  Loss/train: 0.911647, Accuracy/train:  88.9531
Epoch [ 257/ 300]  |  Summary  |  Loss/val: 0.377498, Accuracy/val: 88.2000%  |  Loss/test: 0.367086, Accuracy/test: 88.7000
Epoch [ 258/ 300]  |  Step [ 150/ 211]  |  Loss/train: 0.912348, Accuracy/train:  89.0911
Epoch [ 258/ 300]  |  Summary  |  Loss/val: 0.378960, Accuracy/val: 88.2667%  |  Loss/test: 0.362233, Accuracy/test: 88.5600
Epoch [ 259/ 300]  |  Step [ 150/ 211]  |  Loss/train: 0.913823, Accuracy/train:  89.0547
Epoch [ 259/ 300]  |  Summary  |  Loss/val: 0.386120, Accuracy/val: 87.9333%  |  Loss/test: 0.366910, Accuracy/test: 88.6200
Epoch [ 260/ 300]  |  Step [ 150/ 211]  |  Loss/train: 0.912724, Accuracy/train:  89.3125
Epoch [ 260/ 300]  |  Summary  |  Loss/val: 0.383946, Accuracy/val: 88.1833%  |  Loss/test: 0.354988, Accuracy/test: 89.1700
Epoch [ 261/ 300]  |  Step [ 150/ 211]  |  Loss/train: 0.907861, Accuracy/train:  89.1589
Epoch [ 261/ 300]  |  Summary  |  Loss/val: 0.382439, Accuracy/val: 88.0500%  |  Loss/test: 0.365006, Accuracy/test: 88.7000
Epoch [ 262/ 300]  |  Step [ 150/ 211]  |  Loss/train: 0.913156, Accuracy/train:  89.1849
Epoch [ 262/ 300]  |  Summary  |  Loss/val: 0.387470, Accuracy/val: 87.6167%  |  Loss/test: 0.356880, Accuracy/test: 89.0700
Epoch [ 263/ 300]  |  Step [ 150/ 211]  |  Loss/train: 0.914052, Accuracy/train:  89.1484
Epoch [ 263/ 300]  |  Summary  |  Loss/val: 0.382593, Accuracy/val: 87.9333%  |  Loss/test: 0.356219, Accuracy/test: 89.1500
Epoch [ 264/ 300]  |  Step [ 150/ 211]  |  Loss/train: 0.913861, Accuracy/train:  88.9870
Epoch [ 264/ 300]  |  Summary  |  Loss/val: 0.373815, Accuracy/val: 88.6667%  |  Loss/test: 0.350641, Accuracy/test: 89.2200
Epoch [ 265/ 300]  |  Step [ 150/ 211]  |  Loss/train: 0.915922, Accuracy/train:  89.1094
Epoch [ 265/ 300]  |  Summary  |  Loss/val: 0.388403, Accuracy/val: 87.8167%  |  Loss/test: 0.357350, Accuracy/test: 88.9300
Epoch [ 266/ 300]  |  Step [ 150/ 211]  |  Loss/train: 0.911988, Accuracy/train:  89.4219
