cuda
07-10_14-12-56 3553_Adam(0.001),PERMUTED(False),LinearLR,NLL,LL(True),TBPTT(50),RSNN(1,256,10,bs_256,ep_300,h_o_bias),ALIF(tau_m(20.0,5.0),tau_a(200.0,50.0),linearMask(0.0))LI(tau_m(20.0,5.0))
Starting training loop...
Epoch [   0/ 300]  |  Summary  |  Loss/val: 2.303844, Accuracy/val: 9.3500%  |  Loss/test: 2.303658, Accuracy/test: 9.4300
Epoch [   1/ 300]  |  Step [ 150/ 211]  |  Loss/train: 2.445267, Accuracy/train:  11.3932
Epoch [   1/ 300]  |  Summary  |  Loss/val: 2.304516, Accuracy/val: 11.3833%  |  Loss/test: 2.304308, Accuracy/test: 11.0600
Epoch [   2/ 300]  |  Step [ 150/ 211]  |  Loss/train: 2.445630, Accuracy/train:  11.2604
Epoch [   2/ 300]  |  Summary  |  Loss/val: 2.301432, Accuracy/val: 12.2500%  |  Loss/test: 2.302807, Accuracy/test: 11.3500
Epoch [   3/ 300]  |  Step [ 150/ 211]  |  Loss/train: 2.445245, Accuracy/train:  11.8438
Epoch [   3/ 300]  |  Summary  |  Loss/val: 2.295251, Accuracy/val: 11.5333%  |  Loss/test: 2.295821, Accuracy/test: 10.4900
Epoch [   4/ 300]  |  Step [ 150/ 211]  |  Loss/train: 2.413846, Accuracy/train:  17.6068
Epoch [   4/ 300]  |  Summary  |  Loss/val: 2.228019, Accuracy/val: 18.1500%  |  Loss/test: 2.235641, Accuracy/test: 17.2500
Epoch [   5/ 300]  |  Step [ 150/ 211]  |  Loss/train: 2.429453, Accuracy/train:  14.5000
Epoch [   5/ 300]  |  Summary  |  Loss/val: 2.309260, Accuracy/val: 10.2000%  |  Loss/test: 2.309961, Accuracy/test: 10.4400
Epoch [   6/ 300]  |  Step [ 150/ 211]  |  Loss/train: 2.444967, Accuracy/train:  11.1641
Epoch [   6/ 300]  |  Summary  |  Loss/val: 2.307803, Accuracy/val: 13.4333%  |  Loss/test: 2.313304, Accuracy/test: 12.8500
Epoch [   7/ 300]  |  Step [ 150/ 211]  |  Loss/train: 2.439952, Accuracy/train:  12.8828
Epoch [   7/ 300]  |  Summary  |  Loss/val: 2.298314, Accuracy/val: 12.4167%  |  Loss/test: 2.297954, Accuracy/test: 12.1600
Epoch [   8/ 300]  |  Step [ 150/ 211]  |  Loss/train: 2.399278, Accuracy/train:  15.0052
Epoch [   8/ 300]  |  Summary  |  Loss/val: 2.214159, Accuracy/val: 17.6000%  |  Loss/test: 2.216329, Accuracy/test: 16.6200
Epoch [   9/ 300]  |  Step [ 150/ 211]  |  Loss/train: 2.413553, Accuracy/train:  14.4010
Epoch [   9/ 300]  |  Summary  |  Loss/val: 2.304431, Accuracy/val: 10.2333%  |  Loss/test: 2.304004, Accuracy/test: 9.9100
Epoch [  10/ 300]  |  Step [ 150/ 211]  |  Loss/train: 2.440696, Accuracy/train:  12.2891
Epoch [  10/ 300]  |  Summary  |  Loss/val: 2.262130, Accuracy/val: 12.2167%  |  Loss/test: 2.268228, Accuracy/test: 11.4400
Epoch [  11/ 300]  |  Step [ 150/ 211]  |  Loss/train: 2.413425, Accuracy/train:  15.2943
Epoch [  11/ 300]  |  Summary  |  Loss/val: 2.285150, Accuracy/val: 14.4667%  |  Loss/test: 2.288244, Accuracy/test: 13.5400
Epoch [  12/ 300]  |  Step [ 150/ 211]  |  Loss/train: 2.417486, Accuracy/train:  15.0208
Epoch [  12/ 300]  |  Summary  |  Loss/val: 2.203497, Accuracy/val: 19.8500%  |  Loss/test: 2.209985, Accuracy/test: 18.9400
Epoch [  13/ 300]  |  Step [ 150/ 211]  |  Loss/train: 2.420914, Accuracy/train:  14.3880
Epoch [  13/ 300]  |  Summary  |  Loss/val: 2.300748, Accuracy/val: 11.9000%  |  Loss/test: 2.298892, Accuracy/test: 11.4100
Epoch [  14/ 300]  |  Step [ 150/ 211]  |  Loss/train: 2.437906, Accuracy/train:  12.0417
Epoch [  14/ 300]  |  Summary  |  Loss/val: 2.279204, Accuracy/val: 13.4167%  |  Loss/test: 2.276839, Accuracy/test: 13.9600
Epoch [  15/ 300]  |  Step [ 150/ 211]  |  Loss/train: 2.429466, Accuracy/train:  11.6719
Epoch [  15/ 300]  |  Summary  |  Loss/val: 2.289829, Accuracy/val: 13.6833%  |  Loss/test: 2.294128, Accuracy/test: 11.7600
Epoch [  16/ 300]  |  Step [ 150/ 211]  |  Loss/train: 2.428270, Accuracy/train:  13.3672
Epoch [  16/ 300]  |  Summary  |  Loss/val: 2.254821, Accuracy/val: 16.9500%  |  Loss/test: 2.254268, Accuracy/test: 16.3900
Epoch [  17/ 300]  |  Step [ 150/ 211]  |  Loss/train: 2.404812, Accuracy/train:  14.9792
Epoch [  17/ 300]  |  Summary  |  Loss/val: 2.235449, Accuracy/val: 16.5167%  |  Loss/test: 2.235935, Accuracy/test: 16.1200
Epoch [  18/ 300]  |  Step [ 150/ 211]  |  Loss/train: 2.407550, Accuracy/train:  16.2344
Epoch [  18/ 300]  |  Summary  |  Loss/val: 2.195133, Accuracy/val: 16.2500%  |  Loss/test: 2.197425, Accuracy/test: 16.0600
Epoch [  19/ 300]  |  Step [ 150/ 211]  |  Loss/train: 2.407120, Accuracy/train:  16.0859
Epoch [  19/ 300]  |  Summary  |  Loss/val: 2.241020, Accuracy/val: 15.1167%  |  Loss/test: 2.239803, Accuracy/test: 15.0000
Epoch [  20/ 300]  |  Step [ 150/ 211]  |  Loss/train: 2.385083, Accuracy/train:  16.3438
Epoch [  20/ 300]  |  Summary  |  Loss/val: 2.245920, Accuracy/val: 14.2833%  |  Loss/test: 2.243384, Accuracy/test: 15.6400
Epoch [  21/ 300]  |  Step [ 150/ 211]  |  Loss/train: 2.374252, Accuracy/train:  17.1250
Epoch [  21/ 300]  |  Summary  |  Loss/val: 2.157080, Accuracy/val: 20.6833%  |  Loss/test: 2.156746, Accuracy/test: 20.1900
Epoch [  22/ 300]  |  Step [ 150/ 211]  |  Loss/train: 2.367570, Accuracy/train:  17.6589
Epoch [  22/ 300]  |  Summary  |  Loss/val: 2.161481, Accuracy/val: 18.9833%  |  Loss/test: 2.164272, Accuracy/test: 18.5100
Epoch [  23/ 300]  |  Step [ 150/ 211]  |  Loss/train: 2.320786, Accuracy/train:  19.9635
Epoch [  23/ 300]  |  Summary  |  Loss/val: 2.069350, Accuracy/val: 21.3333%  |  Loss/test: 2.061187, Accuracy/test: 20.8900
Epoch [  24/ 300]  |  Step [ 150/ 211]  |  Loss/train: 2.267036, Accuracy/train:  20.4167
Epoch [  24/ 300]  |  Summary  |  Loss/val: 1.961813, Accuracy/val: 25.0500%  |  Loss/test: 1.966600, Accuracy/test: 24.5300
Epoch [  25/ 300]  |  Step [ 150/ 211]  |  Loss/train: 2.136663, Accuracy/train:  24.3828
Epoch [  25/ 300]  |  Summary  |  Loss/val: 1.767742, Accuracy/val: 32.2000%  |  Loss/test: 1.752350, Accuracy/test: 33.3600
Epoch [  26/ 300]  |  Step [ 150/ 211]  |  Loss/train: 2.003405, Accuracy/train:  34.3776
Epoch [  26/ 300]  |  Summary  |  Loss/val: 1.853816, Accuracy/val: 31.0167%  |  Loss/test: 1.834498, Accuracy/test: 32.0500
Epoch [  27/ 300]  |  Step [ 150/ 211]  |  Loss/train: 1.949910, Accuracy/train:  34.1406
Epoch [  27/ 300]  |  Summary  |  Loss/val: 1.820840, Accuracy/val: 33.3667%  |  Loss/test: 1.803498, Accuracy/test: 33.2000
Epoch [  28/ 300]  |  Step [ 150/ 211]  |  Loss/train: 1.948028, Accuracy/train:  33.3021
Epoch [  28/ 300]  |  Summary  |  Loss/val: 1.720424, Accuracy/val: 38.2000%  |  Loss/test: 1.707612, Accuracy/test: 38.7000
Epoch [  29/ 300]  |  Step [ 150/ 211]  |  Loss/train: 1.861875, Accuracy/train:  38.7943
Epoch [  29/ 300]  |  Summary  |  Loss/val: 1.508337, Accuracy/val: 46.5000%  |  Loss/test: 1.499668, Accuracy/test: 47.2200
Epoch [  30/ 300]  |  Step [ 150/ 211]  |  Loss/train: 1.757034, Accuracy/train:  44.4323
Epoch [  30/ 300]  |  Summary  |  Loss/val: 1.473797, Accuracy/val: 46.5833%  |  Loss/test: 1.447539, Accuracy/test: 47.5600
Epoch [  31/ 300]  |  Step [ 150/ 211]  |  Loss/train: 1.699918, Accuracy/train:  46.5026
Epoch [  31/ 300]  |  Summary  |  Loss/val: 1.449842, Accuracy/val: 47.9333%  |  Loss/test: 1.422961, Accuracy/test: 49.5100
Epoch [  32/ 300]  |  Step [ 150/ 211]  |  Loss/train: 1.663317, Accuracy/train:  49.2839
Epoch [  32/ 300]  |  Summary  |  Loss/val: 1.412249, Accuracy/val: 49.4000%  |  Loss/test: 1.387461, Accuracy/test: 50.6000
Epoch [  33/ 300]  |  Step [ 150/ 211]  |  Loss/train: 1.622110, Accuracy/train:  50.6927
Epoch [  33/ 300]  |  Summary  |  Loss/val: 1.286094, Accuracy/val: 56.3000%  |  Loss/test: 1.267657, Accuracy/test: 55.8400
Epoch [  34/ 300]  |  Step [ 150/ 211]  |  Loss/train: 1.615125, Accuracy/train:  53.3411
Epoch [  34/ 300]  |  Summary  |  Loss/val: 1.309708, Accuracy/val: 54.4667%  |  Loss/test: 1.292468, Accuracy/test: 55.7000
Epoch [  35/ 300]  |  Step [ 150/ 211]  |  Loss/train: 1.548758, Accuracy/train:  54.4427
Epoch [  35/ 300]  |  Summary  |  Loss/val: 1.291720, Accuracy/val: 52.8500%  |  Loss/test: 1.274107, Accuracy/test: 53.9700
Epoch [  36/ 300]  |  Step [ 150/ 211]  |  Loss/train: 1.501633, Accuracy/train:  56.2526
Epoch [  36/ 300]  |  Summary  |  Loss/val: 1.145335, Accuracy/val: 61.5500%  |  Loss/test: 1.133726, Accuracy/test: 61.7400
Epoch [  37/ 300]  |  Step [ 150/ 211]  |  Loss/train: 1.466723, Accuracy/train:  58.4531
Epoch [  37/ 300]  |  Summary  |  Loss/val: 1.089779, Accuracy/val: 62.7500%  |  Loss/test: 1.082488, Accuracy/test: 62.5500
Epoch [  38/ 300]  |  Step [ 150/ 211]  |  Loss/train: 1.434473, Accuracy/train:  60.0807
Epoch [  38/ 300]  |  Summary  |  Loss/val: 1.100668, Accuracy/val: 62.4500%  |  Loss/test: 1.082456, Accuracy/test: 62.2200
Epoch [  39/ 300]  |  Step [ 150/ 211]  |  Loss/train: 1.421464, Accuracy/train:  61.4531
Epoch [  39/ 300]  |  Summary  |  Loss/val: 1.092708, Accuracy/val: 62.7000%  |  Loss/test: 1.080777, Accuracy/test: 63.2800
Epoch [  40/ 300]  |  Step [ 150/ 211]  |  Loss/train: 1.404846, Accuracy/train:  62.0078
Epoch [  40/ 300]  |  Summary  |  Loss/val: 1.071987, Accuracy/val: 63.1667%  |  Loss/test: 1.040328, Accuracy/test: 64.2300
Epoch [  41/ 300]  |  Step [ 150/ 211]  |  Loss/train: 1.371590, Accuracy/train:  63.3385
Epoch [  41/ 300]  |  Summary  |  Loss/val: 1.067510, Accuracy/val: 62.9500%  |  Loss/test: 1.056886, Accuracy/test: 62.9300
Epoch [  42/ 300]  |  Step [ 150/ 211]  |  Loss/train: 1.343096, Accuracy/train:  64.1016
Epoch [  42/ 300]  |  Summary  |  Loss/val: 1.017112, Accuracy/val: 65.9833%  |  Loss/test: 0.986471, Accuracy/test: 66.8800
Epoch [  43/ 300]  |  Step [ 150/ 211]  |  Loss/train: 1.331179, Accuracy/train:  64.6667
Epoch [  43/ 300]  |  Summary  |  Loss/val: 0.978107, Accuracy/val: 65.8500%  |  Loss/test: 0.957741, Accuracy/test: 67.1400
Epoch [  44/ 300]  |  Step [ 150/ 211]  |  Loss/train: 1.308391, Accuracy/train:  65.4635
Epoch [  44/ 300]  |  Summary  |  Loss/val: 0.986986, Accuracy/val: 66.2500%  |  Loss/test: 0.961012, Accuracy/test: 66.9100
Epoch [  45/ 300]  |  Step [ 150/ 211]  |  Loss/train: 1.297606, Accuracy/train:  66.6562
Epoch [  45/ 300]  |  Summary  |  Loss/val: 0.965646, Accuracy/val: 66.5667%  |  Loss/test: 0.932688, Accuracy/test: 67.5900
Epoch [  46/ 300]  |  Step [ 150/ 211]  |  Loss/train: 1.299283, Accuracy/train:  67.3047
Epoch [  46/ 300]  |  Summary  |  Loss/val: 0.933472, Accuracy/val: 67.6167%  |  Loss/test: 0.922995, Accuracy/test: 68.6600
Epoch [  47/ 300]  |  Step [ 150/ 211]  |  Loss/train: 1.274398, Accuracy/train:  68.1432
Epoch [  47/ 300]  |  Summary  |  Loss/val: 0.936053, Accuracy/val: 67.7167%  |  Loss/test: 0.922099, Accuracy/test: 68.0000
Epoch [  48/ 300]  |  Step [ 150/ 211]  |  Loss/train: 1.266196, Accuracy/train:  68.4740
Epoch [  48/ 300]  |  Summary  |  Loss/val: 0.883992, Accuracy/val: 69.7333%  |  Loss/test: 0.879200, Accuracy/test: 70.2300
Epoch [  49/ 300]  |  Step [ 150/ 211]  |  Loss/train: 1.257526, Accuracy/train:  69.4219
Epoch [  49/ 300]  |  Summary  |  Loss/val: 0.925212, Accuracy/val: 67.9833%  |  Loss/test: 0.919851, Accuracy/test: 68.7900
Epoch [  50/ 300]  |  Step [ 150/ 211]  |  Loss/train: 1.239688, Accuracy/train:  69.9818
Epoch [  50/ 300]  |  Summary  |  Loss/val: 0.882381, Accuracy/val: 70.3000%  |  Loss/test: 0.864259, Accuracy/test: 70.6300
Epoch [  51/ 300]  |  Step [ 150/ 211]  |  Loss/train: 1.300660, Accuracy/train:  69.1589
Epoch [  51/ 300]  |  Summary  |  Loss/val: 0.850240, Accuracy/val: 72.0167%  |  Loss/test: 0.821161, Accuracy/test: 72.9700
Epoch [  52/ 300]  |  Step [ 150/ 211]  |  Loss/train: 1.213928, Accuracy/train:  71.5443
Epoch [  52/ 300]  |  Summary  |  Loss/val: 0.798602, Accuracy/val: 72.9667%  |  Loss/test: 0.780994, Accuracy/test: 73.7000
Epoch [  53/ 300]  |  Step [ 150/ 211]  |  Loss/train: 1.228490, Accuracy/train:  71.9922
Epoch [  53/ 300]  |  Summary  |  Loss/val: 0.847445, Accuracy/val: 69.8167%  |  Loss/test: 0.826803, Accuracy/test: 70.6400
Epoch [  54/ 300]  |  Step [ 150/ 211]  |  Loss/train: 1.202397, Accuracy/train:  73.2188
Epoch [  54/ 300]  |  Summary  |  Loss/val: 0.731109, Accuracy/val: 75.5833%  |  Loss/test: 0.723140, Accuracy/test: 75.4300
Epoch [  55/ 300]  |  Step [ 150/ 211]  |  Loss/train: 1.193585, Accuracy/train:  73.9141
Epoch [  55/ 300]  |  Summary  |  Loss/val: 0.738952, Accuracy/val: 75.5667%  |  Loss/test: 0.726188, Accuracy/test: 75.6500
Epoch [  56/ 300]  |  Step [ 150/ 211]  |  Loss/train: 1.187802, Accuracy/train:  73.9167
Epoch [  56/ 300]  |  Summary  |  Loss/val: 0.759251, Accuracy/val: 74.6500%  |  Loss/test: 0.748777, Accuracy/test: 74.3800
Epoch [  57/ 300]  |  Step [ 150/ 211]  |  Loss/train: 1.161894, Accuracy/train:  75.2422
Epoch [  57/ 300]  |  Summary  |  Loss/val: 0.709052, Accuracy/val: 76.0000%  |  Loss/test: 0.699034, Accuracy/test: 76.5600
Epoch [  58/ 300]  |  Step [ 150/ 211]  |  Loss/train: 1.161509, Accuracy/train:  75.6484
Epoch [  58/ 300]  |  Summary  |  Loss/val: 0.707899, Accuracy/val: 76.6000%  |  Loss/test: 0.669516, Accuracy/test: 77.8000
Epoch [  59/ 300]  |  Step [ 150/ 211]  |  Loss/train: 1.143357, Accuracy/train:  76.4401
Epoch [  59/ 300]  |  Summary  |  Loss/val: 0.676595, Accuracy/val: 77.2833%  |  Loss/test: 0.645580, Accuracy/test: 77.9100
Epoch [  60/ 300]  |  Step [ 150/ 211]  |  Loss/train: 1.136591, Accuracy/train:  76.4635
Epoch [  60/ 300]  |  Summary  |  Loss/val: 0.706812, Accuracy/val: 75.9667%  |  Loss/test: 0.671626, Accuracy/test: 76.7900
Epoch [  61/ 300]  |  Step [ 150/ 211]  |  Loss/train: 1.135281, Accuracy/train:  77.2005
Epoch [  61/ 300]  |  Summary  |  Loss/val: 0.702349, Accuracy/val: 76.1500%  |  Loss/test: 0.674309, Accuracy/test: 76.7600
Epoch [  62/ 300]  |  Step [ 150/ 211]  |  Loss/train: 1.120266, Accuracy/train:  77.6510
Epoch [  62/ 300]  |  Summary  |  Loss/val: 0.725431, Accuracy/val: 75.8333%  |  Loss/test: 0.695868, Accuracy/test: 76.2100
Epoch [  63/ 300]  |  Step [ 150/ 211]  |  Loss/train: 1.116080, Accuracy/train:  77.6354
Epoch [  63/ 300]  |  Summary  |  Loss/val: 0.671066, Accuracy/val: 77.1667%  |  Loss/test: 0.638451, Accuracy/test: 78.4700
Epoch [  64/ 300]  |  Step [ 150/ 211]  |  Loss/train: 1.112192, Accuracy/train:  77.6823
Epoch [  64/ 300]  |  Summary  |  Loss/val: 0.649743, Accuracy/val: 77.8500%  |  Loss/test: 0.640918, Accuracy/test: 78.2800
Epoch [  65/ 300]  |  Step [ 150/ 211]  |  Loss/train: 1.105195, Accuracy/train:  77.9427
Epoch [  65/ 300]  |  Summary  |  Loss/val: 0.631556, Accuracy/val: 78.8500%  |  Loss/test: 0.609824, Accuracy/test: 79.7100
Epoch [  66/ 300]  |  Step [ 150/ 211]  |  Loss/train: 1.099608, Accuracy/train:  78.2266
Epoch [  66/ 300]  |  Summary  |  Loss/val: 0.661076, Accuracy/val: 77.5500%  |  Loss/test: 0.638971, Accuracy/test: 77.8500
Epoch [  67/ 300]  |  Step [ 150/ 211]  |  Loss/train: 1.095957, Accuracy/train:  78.5208
Epoch [  67/ 300]  |  Summary  |  Loss/val: 0.631045, Accuracy/val: 78.8333%  |  Loss/test: 0.610739, Accuracy/test: 79.5000
Epoch [  68/ 300]  |  Step [ 150/ 211]  |  Loss/train: 1.089575, Accuracy/train:  79.0156
Epoch [  68/ 300]  |  Summary  |  Loss/val: 0.613555, Accuracy/val: 79.6667%  |  Loss/test: 0.588170, Accuracy/test: 80.4900
Epoch [  69/ 300]  |  Step [ 150/ 211]  |  Loss/train: 1.087142, Accuracy/train:  79.0156
Epoch [  69/ 300]  |  Summary  |  Loss/val: 0.616435, Accuracy/val: 79.2500%  |  Loss/test: 0.595855, Accuracy/test: 79.9000
Epoch [  70/ 300]  |  Step [ 150/ 211]  |  Loss/train: 1.081430, Accuracy/train:  78.9583
Epoch [  70/ 300]  |  Summary  |  Loss/val: 0.624537, Accuracy/val: 78.9500%  |  Loss/test: 0.590528, Accuracy/test: 79.9900
Epoch [  71/ 300]  |  Step [ 150/ 211]  |  Loss/train: 1.079293, Accuracy/train:  79.3385
Epoch [  71/ 300]  |  Summary  |  Loss/val: 0.601909, Accuracy/val: 80.1500%  |  Loss/test: 0.566925, Accuracy/test: 81.3800
Epoch [  72/ 300]  |  Step [ 150/ 211]  |  Loss/train: 1.076088, Accuracy/train:  79.8281
Epoch [  72/ 300]  |  Summary  |  Loss/val: 0.587186, Accuracy/val: 80.9000%  |  Loss/test: 0.571815, Accuracy/test: 80.8800
Epoch [  73/ 300]  |  Step [ 150/ 211]  |  Loss/train: 1.069605, Accuracy/train:  80.1094
Epoch [  73/ 300]  |  Summary  |  Loss/val: 0.585135, Accuracy/val: 80.4833%  |  Loss/test: 0.554614, Accuracy/test: 81.8000
Epoch [  74/ 300]  |  Step [ 150/ 211]  |  Loss/train: 1.064650, Accuracy/train:  80.2161
Epoch [  74/ 300]  |  Summary  |  Loss/val: 0.605185, Accuracy/val: 79.9000%  |  Loss/test: 0.585077, Accuracy/test: 80.2400
Epoch [  75/ 300]  |  Step [ 150/ 211]  |  Loss/train: 1.078255, Accuracy/train:  79.8906
Epoch [  75/ 300]  |  Summary  |  Loss/val: 0.587298, Accuracy/val: 80.1833%  |  Loss/test: 0.557564, Accuracy/test: 81.1400
Epoch [  76/ 300]  |  Step [ 150/ 211]  |  Loss/train: 1.057988, Accuracy/train:  80.6953
Epoch [  76/ 300]  |  Summary  |  Loss/val: 0.582336, Accuracy/val: 80.6667%  |  Loss/test: 0.564599, Accuracy/test: 81.3500
Epoch [  77/ 300]  |  Step [ 150/ 211]  |  Loss/train: 1.056703, Accuracy/train:  80.9193
Epoch [  77/ 300]  |  Summary  |  Loss/val: 0.573088, Accuracy/val: 81.2167%  |  Loss/test: 0.552960, Accuracy/test: 81.1700
Epoch [  78/ 300]  |  Step [ 150/ 211]  |  Loss/train: 1.051860, Accuracy/train:  81.3073
Epoch [  78/ 300]  |  Summary  |  Loss/val: 0.586230, Accuracy/val: 79.9167%  |  Loss/test: 0.554318, Accuracy/test: 81.3000
Epoch [  79/ 300]  |  Step [ 150/ 211]  |  Loss/train: 1.043019, Accuracy/train:  81.1536
Epoch [  79/ 300]  |  Summary  |  Loss/val: 0.568694, Accuracy/val: 81.2833%  |  Loss/test: 0.550405, Accuracy/test: 81.8000
Epoch [  80/ 300]  |  Step [ 150/ 211]  |  Loss/train: 1.044144, Accuracy/train:  81.7083
Epoch [  80/ 300]  |  Summary  |  Loss/val: 0.563322, Accuracy/val: 81.3167%  |  Loss/test: 0.556016, Accuracy/test: 81.2000
Epoch [  81/ 300]  |  Step [ 150/ 211]  |  Loss/train: 1.043043, Accuracy/train:  81.7396
Epoch [  81/ 300]  |  Summary  |  Loss/val: 0.581151, Accuracy/val: 79.6833%  |  Loss/test: 0.564880, Accuracy/test: 80.1100
Epoch [  82/ 300]  |  Step [ 150/ 211]  |  Loss/train: 1.046290, Accuracy/train:  82.0156
Epoch [  82/ 300]  |  Summary  |  Loss/val: 0.531383, Accuracy/val: 82.4000%  |  Loss/test: 0.521350, Accuracy/test: 83.0100
Epoch [  83/ 300]  |  Step [ 150/ 211]  |  Loss/train: 1.033872, Accuracy/train:  82.3984
Epoch [  83/ 300]  |  Summary  |  Loss/val: 0.524840, Accuracy/val: 82.7667%  |  Loss/test: 0.513858, Accuracy/test: 82.7500
Epoch [  84/ 300]  |  Step [ 150/ 211]  |  Loss/train: 1.031393, Accuracy/train:  82.2995
Epoch [  84/ 300]  |  Summary  |  Loss/val: 0.528957, Accuracy/val: 82.7667%  |  Loss/test: 0.508786, Accuracy/test: 83.2300
Epoch [  85/ 300]  |  Step [ 150/ 211]  |  Loss/train: 1.038713, Accuracy/train:  82.2240
Epoch [  85/ 300]  |  Summary  |  Loss/val: 0.512711, Accuracy/val: 83.3000%  |  Loss/test: 0.481891, Accuracy/test: 84.4500
Epoch [  86/ 300]  |  Step [ 150/ 211]  |  Loss/train: 1.025411, Accuracy/train:  82.6667
Epoch [  86/ 300]  |  Summary  |  Loss/val: 0.525063, Accuracy/val: 83.1000%  |  Loss/test: 0.501669, Accuracy/test: 83.2600
Epoch [  87/ 300]  |  Step [ 150/ 211]  |  Loss/train: 1.023579, Accuracy/train:  82.7500
Epoch [  87/ 300]  |  Summary  |  Loss/val: 0.509141, Accuracy/val: 83.0333%  |  Loss/test: 0.496238, Accuracy/test: 83.6100
Epoch [  88/ 300]  |  Step [ 150/ 211]  |  Loss/train: 1.025016, Accuracy/train:  82.5495
Epoch [  88/ 300]  |  Summary  |  Loss/val: 0.505550, Accuracy/val: 83.5667%  |  Loss/test: 0.483619, Accuracy/test: 83.8300
Epoch [  89/ 300]  |  Step [ 150/ 211]  |  Loss/train: 1.018669, Accuracy/train:  82.9167
Epoch [  89/ 300]  |  Summary  |  Loss/val: 0.514534, Accuracy/val: 82.7167%  |  Loss/test: 0.487737, Accuracy/test: 83.7200
Epoch [  90/ 300]  |  Step [ 150/ 211]  |  Loss/train: 1.016703, Accuracy/train:  83.2370
Epoch [  90/ 300]  |  Summary  |  Loss/val: 0.502646, Accuracy/val: 83.7667%  |  Loss/test: 0.472758, Accuracy/test: 84.4200
Epoch [  91/ 300]  |  Step [ 150/ 211]  |  Loss/train: 1.021908, Accuracy/train:  82.9297
Epoch [  91/ 300]  |  Summary  |  Loss/val: 0.540205, Accuracy/val: 81.1000%  |  Loss/test: 0.511596, Accuracy/test: 81.9600
Epoch [  92/ 300]  |  Step [ 150/ 211]  |  Loss/train: 1.017937, Accuracy/train:  83.0521
Epoch [  92/ 300]  |  Summary  |  Loss/val: 0.541596, Accuracy/val: 82.5000%  |  Loss/test: 0.516771, Accuracy/test: 83.1900
Epoch [  93/ 300]  |  Step [ 150/ 211]  |  Loss/train: 1.015658, Accuracy/train:  83.1146
Epoch [  93/ 300]  |  Summary  |  Loss/val: 0.508179, Accuracy/val: 83.4833%  |  Loss/test: 0.490794, Accuracy/test: 84.0400
Epoch [  94/ 300]  |  Step [ 150/ 211]  |  Loss/train: 1.007733, Accuracy/train:  83.9714
Epoch [  94/ 300]  |  Summary  |  Loss/val: 0.482275, Accuracy/val: 85.1000%  |  Loss/test: 0.470336, Accuracy/test: 85.0800
Epoch [  95/ 300]  |  Step [ 150/ 211]  |  Loss/train: 1.007649, Accuracy/train:  83.8854
Epoch [  95/ 300]  |  Summary  |  Loss/val: 0.500066, Accuracy/val: 83.7000%  |  Loss/test: 0.478007, Accuracy/test: 84.3900
Epoch [  96/ 300]  |  Step [ 150/ 211]  |  Loss/train: 1.006107, Accuracy/train:  83.8854
Epoch [  96/ 300]  |  Summary  |  Loss/val: 0.520770, Accuracy/val: 83.3667%  |  Loss/test: 0.494365, Accuracy/test: 84.2800
Epoch [  97/ 300]  |  Step [ 150/ 211]  |  Loss/train: 1.001558, Accuracy/train:  83.9010
Epoch [  97/ 300]  |  Summary  |  Loss/val: 0.493373, Accuracy/val: 84.0167%  |  Loss/test: 0.469497, Accuracy/test: 85.0800
Epoch [  98/ 300]  |  Step [ 150/ 211]  |  Loss/train: 1.003357, Accuracy/train:  83.7135
Epoch [  98/ 300]  |  Summary  |  Loss/val: 0.531934, Accuracy/val: 83.1000%  |  Loss/test: 0.507972, Accuracy/test: 83.9800
Epoch [  99/ 300]  |  Step [ 150/ 211]  |  Loss/train: 1.002636, Accuracy/train:  83.9948
Epoch [  99/ 300]  |  Summary  |  Loss/val: 0.524456, Accuracy/val: 82.7833%  |  Loss/test: 0.494098, Accuracy/test: 83.5500
Epoch [ 100/ 300]  |  Step [ 150/ 211]  |  Loss/train: 1.000333, Accuracy/train:  84.2188
Epoch [ 100/ 300]  |  Summary  |  Loss/val: 0.508828, Accuracy/val: 83.4333%  |  Loss/test: 0.490392, Accuracy/test: 83.9400
Epoch [ 101/ 300]  |  Step [ 150/ 211]  |  Loss/train: 0.998955, Accuracy/train:  84.0130
Epoch [ 101/ 300]  |  Summary  |  Loss/val: 0.482197, Accuracy/val: 84.0000%  |  Loss/test: 0.468916, Accuracy/test: 85.2300
Epoch [ 102/ 300]  |  Step [ 150/ 211]  |  Loss/train: 0.992223, Accuracy/train:  84.4427
Epoch [ 102/ 300]  |  Summary  |  Loss/val: 0.491540, Accuracy/val: 84.3333%  |  Loss/test: 0.473290, Accuracy/test: 85.0500
Epoch [ 103/ 300]  |  Step [ 150/ 211]  |  Loss/train: 0.995582, Accuracy/train:  84.3542
Epoch [ 103/ 300]  |  Summary  |  Loss/val: 0.503372, Accuracy/val: 83.4000%  |  Loss/test: 0.481478, Accuracy/test: 84.2100
Epoch [ 104/ 300]  |  Step [ 150/ 211]  |  Loss/train: 0.993288, Accuracy/train:  84.3229
Epoch [ 104/ 300]  |  Summary  |  Loss/val: 0.501596, Accuracy/val: 83.5167%  |  Loss/test: 0.464414, Accuracy/test: 85.1100
Epoch [ 105/ 300]  |  Step [ 150/ 211]  |  Loss/train: 0.991336, Accuracy/train:  84.5964
Epoch [ 105/ 300]  |  Summary  |  Loss/val: 0.462004, Accuracy/val: 85.1000%  |  Loss/test: 0.438466, Accuracy/test: 85.6400
Epoch [ 106/ 300]  |  Step [ 150/ 211]  |  Loss/train: 0.985863, Accuracy/train:  84.6146
Epoch [ 106/ 300]  |  Summary  |  Loss/val: 0.485471, Accuracy/val: 83.5000%  |  Loss/test: 0.460994, Accuracy/test: 85.1900
Epoch [ 107/ 300]  |  Step [ 150/ 211]  |  Loss/train: 0.986984, Accuracy/train:  84.5833
Epoch [ 107/ 300]  |  Summary  |  Loss/val: 0.488031, Accuracy/val: 83.8500%  |  Loss/test: 0.452958, Accuracy/test: 84.8100
Epoch [ 108/ 300]  |  Step [ 150/ 211]  |  Loss/train: 0.984421, Accuracy/train:  85.0078
Epoch [ 108/ 300]  |  Summary  |  Loss/val: 0.473829, Accuracy/val: 84.3833%  |  Loss/test: 0.453073, Accuracy/test: 84.5900
Epoch [ 109/ 300]  |  Step [ 150/ 211]  |  Loss/train: 0.983640, Accuracy/train:  84.9062
Epoch [ 109/ 300]  |  Summary  |  Loss/val: 0.485912, Accuracy/val: 84.0000%  |  Loss/test: 0.446249, Accuracy/test: 85.4600
Epoch [ 110/ 300]  |  Step [ 150/ 211]  |  Loss/train: 0.982156, Accuracy/train:  85.0182
Epoch [ 110/ 300]  |  Summary  |  Loss/val: 0.467719, Accuracy/val: 84.8333%  |  Loss/test: 0.431602, Accuracy/test: 86.0200
Epoch [ 111/ 300]  |  Step [ 150/ 211]  |  Loss/train: 0.985126, Accuracy/train:  84.8542
Epoch [ 111/ 300]  |  Summary  |  Loss/val: 0.445565, Accuracy/val: 85.7500%  |  Loss/test: 0.420558, Accuracy/test: 86.5200
Epoch [ 112/ 300]  |  Step [ 150/ 211]  |  Loss/train: 0.978180, Accuracy/train:  85.2031
Epoch [ 112/ 300]  |  Summary  |  Loss/val: 0.447520, Accuracy/val: 85.2000%  |  Loss/test: 0.419025, Accuracy/test: 86.3900
Epoch [ 113/ 300]  |  Step [ 150/ 211]  |  Loss/train: 0.977044, Accuracy/train:  85.0651
Epoch [ 113/ 300]  |  Summary  |  Loss/val: 0.466287, Accuracy/val: 85.0500%  |  Loss/test: 0.447580, Accuracy/test: 85.9100
Epoch [ 114/ 300]  |  Step [ 150/ 211]  |  Loss/train: 0.975697, Accuracy/train:  85.2109
Epoch [ 114/ 300]  |  Summary  |  Loss/val: 0.478783, Accuracy/val: 84.4667%  |  Loss/test: 0.459364, Accuracy/test: 85.1100
Epoch [ 115/ 300]  |  Step [ 150/ 211]  |  Loss/train: 0.977630, Accuracy/train:  85.4714
Epoch [ 115/ 300]  |  Summary  |  Loss/val: 0.448668, Accuracy/val: 85.7833%  |  Loss/test: 0.430049, Accuracy/test: 86.1400
Epoch [ 116/ 300]  |  Step [ 150/ 211]  |  Loss/train: 0.974043, Accuracy/train:  85.5651
Epoch [ 116/ 300]  |  Summary  |  Loss/val: 0.466213, Accuracy/val: 84.8500%  |  Loss/test: 0.439340, Accuracy/test: 85.8700
Epoch [ 117/ 300]  |  Step [ 150/ 211]  |  Loss/train: 0.975717, Accuracy/train:  84.9661
Epoch [ 117/ 300]  |  Summary  |  Loss/val: 0.483391, Accuracy/val: 84.3500%  |  Loss/test: 0.449704, Accuracy/test: 85.8900
Epoch [ 118/ 300]  |  Step [ 150/ 211]  |  Loss/train: 0.970744, Accuracy/train:  85.4193
Epoch [ 118/ 300]  |  Summary  |  Loss/val: 0.469517, Accuracy/val: 84.6833%  |  Loss/test: 0.449686, Accuracy/test: 84.9500
Epoch [ 119/ 300]  |  Step [ 150/ 211]  |  Loss/train: 0.968411, Accuracy/train:  85.6172
Epoch [ 119/ 300]  |  Summary  |  Loss/val: 0.448061, Accuracy/val: 85.6167%  |  Loss/test: 0.424367, Accuracy/test: 86.6200
Epoch [ 120/ 300]  |  Step [ 150/ 211]  |  Loss/train: 0.974606, Accuracy/train:  85.6771
Epoch [ 120/ 300]  |  Summary  |  Loss/val: 0.484598, Accuracy/val: 84.2500%  |  Loss/test: 0.467409, Accuracy/test: 84.3900
Epoch [ 121/ 300]  |  Step [ 150/ 211]  |  Loss/train: 0.966629, Accuracy/train:  85.9271
Epoch [ 121/ 300]  |  Summary  |  Loss/val: 0.453094, Accuracy/val: 85.0833%  |  Loss/test: 0.433191, Accuracy/test: 86.1800
Epoch [ 122/ 300]  |  Step [ 150/ 211]  |  Loss/train: 0.963861, Accuracy/train:  86.0156
Epoch [ 122/ 300]  |  Summary  |  Loss/val: 0.464440, Accuracy/val: 85.2833%  |  Loss/test: 0.438901, Accuracy/test: 85.8000
Epoch [ 123/ 300]  |  Step [ 150/ 211]  |  Loss/train: 0.962304, Accuracy/train:  86.0469
Epoch [ 123/ 300]  |  Summary  |  Loss/val: 0.431160, Accuracy/val: 86.6500%  |  Loss/test: 0.414253, Accuracy/test: 86.7400
Epoch [ 124/ 300]  |  Step [ 150/ 211]  |  Loss/train: 0.960331, Accuracy/train:  86.1589
Epoch [ 124/ 300]  |  Summary  |  Loss/val: 0.430373, Accuracy/val: 86.6500%  |  Loss/test: 0.416124, Accuracy/test: 86.8200
Epoch [ 125/ 300]  |  Step [ 150/ 211]  |  Loss/train: 0.967558, Accuracy/train:  85.5833
Epoch [ 125/ 300]  |  Summary  |  Loss/val: 0.449558, Accuracy/val: 84.4167%  |  Loss/test: 0.430580, Accuracy/test: 85.3200
Epoch [ 126/ 300]  |  Step [ 150/ 211]  |  Loss/train: 0.963569, Accuracy/train:  85.8151
Epoch [ 126/ 300]  |  Summary  |  Loss/val: 0.464141, Accuracy/val: 84.8333%  |  Loss/test: 0.438952, Accuracy/test: 85.5200
Epoch [ 127/ 300]  |  Step [ 150/ 211]  |  Loss/train: 0.961761, Accuracy/train:  86.3516
Epoch [ 127/ 300]  |  Summary  |  Loss/val: 0.470914, Accuracy/val: 84.1667%  |  Loss/test: 0.448066, Accuracy/test: 85.0000
Epoch [ 128/ 300]  |  Step [ 150/ 211]  |  Loss/train: 0.957934, Accuracy/train:  86.3411
Epoch [ 128/ 300]  |  Summary  |  Loss/val: 0.420479, Accuracy/val: 87.5333%  |  Loss/test: 0.413969, Accuracy/test: 86.9400
Epoch [ 129/ 300]  |  Step [ 150/ 211]  |  Loss/train: 0.960580, Accuracy/train:  86.6016
Epoch [ 129/ 300]  |  Summary  |  Loss/val: 0.447731, Accuracy/val: 85.7500%  |  Loss/test: 0.432569, Accuracy/test: 86.2500
Epoch [ 130/ 300]  |  Step [ 150/ 211]  |  Loss/train: 0.956818, Accuracy/train:  86.3906
Epoch [ 130/ 300]  |  Summary  |  Loss/val: 0.432620, Accuracy/val: 86.6333%  |  Loss/test: 0.421069, Accuracy/test: 86.5900
Epoch [ 131/ 300]  |  Step [ 150/ 211]  |  Loss/train: 0.955706, Accuracy/train:  86.4089
Epoch [ 131/ 300]  |  Summary  |  Loss/val: 0.430188, Accuracy/val: 86.4500%  |  Loss/test: 0.418272, Accuracy/test: 86.7600
Epoch [ 132/ 300]  |  Step [ 150/ 211]  |  Loss/train: 0.957943, Accuracy/train:  86.2214
Epoch [ 132/ 300]  |  Summary  |  Loss/val: 0.444968, Accuracy/val: 85.6333%  |  Loss/test: 0.429690, Accuracy/test: 86.6400
Epoch [ 133/ 300]  |  Step [ 150/ 211]  |  Loss/train: 0.955943, Accuracy/train:  86.4401
Epoch [ 133/ 300]  |  Summary  |  Loss/val: 0.409724, Accuracy/val: 87.3500%  |  Loss/test: 0.394766, Accuracy/test: 88.1400
Epoch [ 134/ 300]  |  Step [ 150/ 211]  |  Loss/train: 0.968087, Accuracy/train:  86.2526
Epoch [ 134/ 300]  |  Summary  |  Loss/val: 0.429867, Accuracy/val: 85.9667%  |  Loss/test: 0.427284, Accuracy/test: 86.6400
Epoch [ 135/ 300]  |  Step [ 150/ 211]  |  Loss/train: 0.952511, Accuracy/train:  86.6771
Epoch [ 135/ 300]  |  Summary  |  Loss/val: 0.447876, Accuracy/val: 85.9000%  |  Loss/test: 0.427656, Accuracy/test: 86.6600
Epoch [ 136/ 300]  |  Step [ 150/ 211]  |  Loss/train: 0.949944, Accuracy/train:  86.9167
Epoch [ 136/ 300]  |  Summary  |  Loss/val: 0.421334, Accuracy/val: 86.3667%  |  Loss/test: 0.410684, Accuracy/test: 86.3400
Epoch [ 137/ 300]  |  Step [ 150/ 211]  |  Loss/train: 0.948073, Accuracy/train:  86.9661
Epoch [ 137/ 300]  |  Summary  |  Loss/val: 0.415713, Accuracy/val: 87.1833%  |  Loss/test: 0.405567, Accuracy/test: 87.0300
Epoch [ 138/ 300]  |  Step [ 150/ 211]  |  Loss/train: 0.953882, Accuracy/train:  86.7891
Epoch [ 138/ 300]  |  Summary  |  Loss/val: 0.407792, Accuracy/val: 87.1667%  |  Loss/test: 0.395021, Accuracy/test: 87.6000
Epoch [ 139/ 300]  |  Step [ 150/ 211]  |  Loss/train: 0.949515, Accuracy/train:  86.7109
Epoch [ 139/ 300]  |  Summary  |  Loss/val: 0.415174, Accuracy/val: 86.7667%  |  Loss/test: 0.399867, Accuracy/test: 87.5600
Epoch [ 140/ 300]  |  Step [ 150/ 211]  |  Loss/train: 0.947532, Accuracy/train:  87.1120
Epoch [ 140/ 300]  |  Summary  |  Loss/val: 0.423831, Accuracy/val: 86.7000%  |  Loss/test: 0.410215, Accuracy/test: 87.5400
Epoch [ 141/ 300]  |  Step [ 150/ 211]  |  Loss/train: 0.945895, Accuracy/train:  86.8542
Epoch [ 141/ 300]  |  Summary  |  Loss/val: 0.405031, Accuracy/val: 87.4167%  |  Loss/test: 0.396633, Accuracy/test: 87.5400
Epoch [ 142/ 300]  |  Step [ 150/ 211]  |  Loss/train: 0.945398, Accuracy/train:  87.2734
Epoch [ 142/ 300]  |  Summary  |  Loss/val: 0.402340, Accuracy/val: 87.1167%  |  Loss/test: 0.382095, Accuracy/test: 88.0100
Epoch [ 143/ 300]  |  Step [ 150/ 211]  |  Loss/train: 0.948943, Accuracy/train:  87.0234
Epoch [ 143/ 300]  |  Summary  |  Loss/val: 0.406055, Accuracy/val: 87.4333%  |  Loss/test: 0.398055, Accuracy/test: 87.8500
Epoch [ 144/ 300]  |  Step [ 150/ 211]  |  Loss/train: 0.949735, Accuracy/train:  86.9167
Epoch [ 144/ 300]  |  Summary  |  Loss/val: 0.423733, Accuracy/val: 86.8167%  |  Loss/test: 0.397821, Accuracy/test: 86.9200
Epoch [ 145/ 300]  |  Step [ 150/ 211]  |  Loss/train: 0.954971, Accuracy/train:  86.7786
Epoch [ 145/ 300]  |  Summary  |  Loss/val: 0.450673, Accuracy/val: 85.2667%  |  Loss/test: 0.416191, Accuracy/test: 86.3600
Epoch [ 146/ 300]  |  Step [ 150/ 211]  |  Loss/train: 0.943270, Accuracy/train:  87.3021
Epoch [ 146/ 300]  |  Summary  |  Loss/val: 0.413029, Accuracy/val: 86.5333%  |  Loss/test: 0.403222, Accuracy/test: 87.3300
Epoch [ 147/ 300]  |  Step [ 150/ 211]  |  Loss/train: 0.944489, Accuracy/train:  87.1953
Epoch [ 147/ 300]  |  Summary  |  Loss/val: 0.421750, Accuracy/val: 86.1667%  |  Loss/test: 0.400023, Accuracy/test: 87.5500
Epoch [ 148/ 300]  |  Step [ 150/ 211]  |  Loss/train: 0.942900, Accuracy/train:  87.5573
Epoch [ 148/ 300]  |  Summary  |  Loss/val: 0.408018, Accuracy/val: 87.2667%  |  Loss/test: 0.395932, Accuracy/test: 87.2300
Epoch [ 149/ 300]  |  Step [ 150/ 211]  |  Loss/train: 0.939517, Accuracy/train:  87.5833
Epoch [ 149/ 300]  |  Summary  |  Loss/val: 0.402525, Accuracy/val: 87.4167%  |  Loss/test: 0.389062, Accuracy/test: 87.4000
Epoch [ 150/ 300]  |  Step [ 150/ 211]  |  Loss/train: 0.941097, Accuracy/train:  87.7005
Epoch [ 150/ 300]  |  Summary  |  Loss/val: 0.407808, Accuracy/val: 87.2667%  |  Loss/test: 0.398538, Accuracy/test: 87.8900
Epoch [ 151/ 300]  |  Step [ 150/ 211]  |  Loss/train: 0.936343, Accuracy/train:  88.0130
Epoch [ 151/ 300]  |  Summary  |  Loss/val: 0.422277, Accuracy/val: 86.4500%  |  Loss/test: 0.400428, Accuracy/test: 87.5400
Epoch [ 152/ 300]  |  Step [ 150/ 211]  |  Loss/train: 0.943642, Accuracy/train:  87.3698
Epoch [ 152/ 300]  |  Summary  |  Loss/val: 0.412708, Accuracy/val: 86.5000%  |  Loss/test: 0.401689, Accuracy/test: 87.1000
Epoch [ 153/ 300]  |  Step [ 150/ 211]  |  Loss/train: 0.937407, Accuracy/train:  87.6094
Epoch [ 153/ 300]  |  Summary  |  Loss/val: 0.396239, Accuracy/val: 88.0333%  |  Loss/test: 0.396465, Accuracy/test: 88.1700
Epoch [ 154/ 300]  |  Step [ 150/ 211]  |  Loss/train: 0.937180, Accuracy/train:  87.4219
Epoch [ 154/ 300]  |  Summary  |  Loss/val: 0.428621, Accuracy/val: 86.6333%  |  Loss/test: 0.404545, Accuracy/test: 86.9100
Epoch [ 155/ 300]  |  Step [ 150/ 211]  |  Loss/train: 0.938817, Accuracy/train:  87.5964
Epoch [ 155/ 300]  |  Summary  |  Loss/val: 0.433827, Accuracy/val: 85.9667%  |  Loss/test: 0.431388, Accuracy/test: 86.3000
Epoch [ 156/ 300]  |  Step [ 150/ 211]  |  Loss/train: 0.937407, Accuracy/train:  87.7656
Epoch [ 156/ 300]  |  Summary  |  Loss/val: 0.400134, Accuracy/val: 87.2667%  |  Loss/test: 0.384847, Accuracy/test: 87.9800
Epoch [ 157/ 300]  |  Step [ 150/ 211]  |  Loss/train: 0.942286, Accuracy/train:  87.5495
Epoch [ 157/ 300]  |  Summary  |  Loss/val: 0.416900, Accuracy/val: 85.5667%  |  Loss/test: 0.407919, Accuracy/test: 86.6100
Epoch [ 158/ 300]  |  Step [ 150/ 211]  |  Loss/train: 0.946802, Accuracy/train:  87.5703
Epoch [ 158/ 300]  |  Summary  |  Loss/val: 0.393194, Accuracy/val: 87.7333%  |  Loss/test: 0.376490, Accuracy/test: 88.0600
Epoch [ 159/ 300]  |  Step [ 150/ 211]  |  Loss/train: 0.935516, Accuracy/train:  87.8385
Epoch [ 159/ 300]  |  Summary  |  Loss/val: 0.392477, Accuracy/val: 87.6333%  |  Loss/test: 0.379630, Accuracy/test: 88.2700
Epoch [ 160/ 300]  |  Step [ 150/ 211]  |  Loss/train: 0.932482, Accuracy/train:  87.8359
Epoch [ 160/ 300]  |  Summary  |  Loss/val: 0.380668, Accuracy/val: 88.7333%  |  Loss/test: 0.380974, Accuracy/test: 88.3100
Epoch [ 161/ 300]  |  Step [ 150/ 211]  |  Loss/train: 0.932669, Accuracy/train:  87.9688
Epoch [ 161/ 300]  |  Summary  |  Loss/val: 0.389917, Accuracy/val: 87.7333%  |  Loss/test: 0.382834, Accuracy/test: 88.1200
Epoch [ 162/ 300]  |  Step [ 150/ 211]  |  Loss/train: 0.936649, Accuracy/train:  87.8099
Epoch [ 162/ 300]  |  Summary  |  Loss/val: 0.391179, Accuracy/val: 87.9167%  |  Loss/test: 0.373386, Accuracy/test: 88.8400
Epoch [ 163/ 300]  |  Step [ 150/ 211]  |  Loss/train: 0.932227, Accuracy/train:  87.9948
Epoch [ 163/ 300]  |  Summary  |  Loss/val: 0.398282, Accuracy/val: 87.0833%  |  Loss/test: 0.384024, Accuracy/test: 87.7300
Epoch [ 164/ 300]  |  Step [ 150/ 211]  |  Loss/train: 0.932304, Accuracy/train:  87.7031
Epoch [ 164/ 300]  |  Summary  |  Loss/val: 0.393472, Accuracy/val: 87.3333%  |  Loss/test: 0.377267, Accuracy/test: 87.4700
Epoch [ 165/ 300]  |  Step [ 150/ 211]  |  Loss/train: 0.930325, Accuracy/train:  88.0964
Epoch [ 165/ 300]  |  Summary  |  Loss/val: 0.388176, Accuracy/val: 87.7167%  |  Loss/test: 0.380643, Accuracy/test: 88.0600
Epoch [ 166/ 300]  |  Step [ 150/ 211]  |  Loss/train: 0.930527, Accuracy/train:  88.1745
Epoch [ 166/ 300]  |  Summary  |  Loss/val: 0.375105, Accuracy/val: 88.1167%  |  Loss/test: 0.361347, Accuracy/test: 88.6800
Epoch [ 167/ 300]  |  Step [ 150/ 211]  |  Loss/train: 0.933032, Accuracy/train:  87.9219
Epoch [ 167/ 300]  |  Summary  |  Loss/val: 0.406403, Accuracy/val: 86.9833%  |  Loss/test: 0.386892, Accuracy/test: 88.0200
Epoch [ 168/ 300]  |  Step [ 150/ 211]  |  Loss/train: 0.928086, Accuracy/train:  88.4349
Epoch [ 168/ 300]  |  Summary  |  Loss/val: 0.388333, Accuracy/val: 87.8833%  |  Loss/test: 0.383159, Accuracy/test: 88.0600
Epoch [ 169/ 300]  |  Step [ 150/ 211]  |  Loss/train: 0.928782, Accuracy/train:  88.3542
Epoch [ 169/ 300]  |  Summary  |  Loss/val: 0.399198, Accuracy/val: 87.5333%  |  Loss/test: 0.384600, Accuracy/test: 88.0800
Epoch [ 170/ 300]  |  Step [ 150/ 211]  |  Loss/train: 0.933571, Accuracy/train:  88.0000
Epoch [ 170/ 300]  |  Summary  |  Loss/val: 0.391065, Accuracy/val: 87.5500%  |  Loss/test: 0.380075, Accuracy/test: 87.8900
Epoch [ 171/ 300]  |  Step [ 150/ 211]  |  Loss/train: 0.926763, Accuracy/train:  88.2630
Epoch [ 171/ 300]  |  Summary  |  Loss/val: 0.386120, Accuracy/val: 87.9167%  |  Loss/test: 0.371909, Accuracy/test: 88.1100
Epoch [ 172/ 300]  |  Step [ 150/ 211]  |  Loss/train: 0.927851, Accuracy/train:  88.4349
Epoch [ 172/ 300]  |  Summary  |  Loss/val: 0.372555, Accuracy/val: 88.9500%  |  Loss/test: 0.356706, Accuracy/test: 89.2600
Epoch [ 173/ 300]  |  Step [ 150/ 211]  |  Loss/train: 0.925384, Accuracy/train:  88.2786
Epoch [ 173/ 300]  |  Summary  |  Loss/val: 0.391956, Accuracy/val: 87.4500%  |  Loss/test: 0.387647, Accuracy/test: 87.8500
Epoch [ 174/ 300]  |  Step [ 150/ 211]  |  Loss/train: 0.923326, Accuracy/train:  88.2604
Epoch [ 174/ 300]  |  Summary  |  Loss/val: 0.387892, Accuracy/val: 87.8167%  |  Loss/test: 0.374242, Accuracy/test: 88.7900
Epoch [ 175/ 300]  |  Step [ 150/ 211]  |  Loss/train: 0.923307, Accuracy/train:  88.3151
Epoch [ 175/ 300]  |  Summary  |  Loss/val: 0.385252, Accuracy/val: 88.5500%  |  Loss/test: 0.371702, Accuracy/test: 88.5900
Epoch [ 176/ 300]  |  Step [ 150/ 211]  |  Loss/train: 0.922785, Accuracy/train:  88.3490
Epoch [ 176/ 300]  |  Summary  |  Loss/val: 0.399525, Accuracy/val: 87.5833%  |  Loss/test: 0.379108, Accuracy/test: 88.0800
Epoch [ 177/ 300]  |  Step [ 150/ 211]  |  Loss/train: 0.928520, Accuracy/train:  88.3984
Epoch [ 177/ 300]  |  Summary  |  Loss/val: 0.392127, Accuracy/val: 87.8000%  |  Loss/test: 0.368137, Accuracy/test: 89.1000
Epoch [ 178/ 300]  |  Step [ 150/ 211]  |  Loss/train: 0.925628, Accuracy/train:  88.4870
Epoch [ 178/ 300]  |  Summary  |  Loss/val: 0.382074, Accuracy/val: 88.5500%  |  Loss/test: 0.376659, Accuracy/test: 88.4900
Epoch [ 179/ 300]  |  Step [ 150/ 211]  |  Loss/train: 0.924991, Accuracy/train:  88.5000
Epoch [ 179/ 300]  |  Summary  |  Loss/val: 0.383867, Accuracy/val: 88.0000%  |  Loss/test: 0.369191, Accuracy/test: 88.6700
Epoch [ 180/ 300]  |  Step [ 150/ 211]  |  Loss/train: 0.922425, Accuracy/train:  88.7839
Epoch [ 180/ 300]  |  Summary  |  Loss/val: 0.394559, Accuracy/val: 87.3833%  |  Loss/test: 0.373998, Accuracy/test: 88.4000
Epoch [ 181/ 300]  |  Step [ 150/ 211]  |  Loss/train: 0.922955, Accuracy/train:  88.5755
Epoch [ 181/ 300]  |  Summary  |  Loss/val: 0.375532, Accuracy/val: 88.1833%  |  Loss/test: 0.374880, Accuracy/test: 88.3300
Epoch [ 182/ 300]  |  Step [ 150/ 211]  |  Loss/train: 0.924983, Accuracy/train:  88.8203
Epoch [ 182/ 300]  |  Summary  |  Loss/val: 0.377967, Accuracy/val: 88.3000%  |  Loss/test: 0.367049, Accuracy/test: 88.6900
Epoch [ 183/ 300]  |  Step [ 150/ 211]  |  Loss/train: 0.918921, Accuracy/train:  88.7552
Epoch [ 183/ 300]  |  Summary  |  Loss/val: 0.376657, Accuracy/val: 88.4000%  |  Loss/test: 0.364963, Accuracy/test: 88.7700
Epoch [ 184/ 300]  |  Step [ 150/ 211]  |  Loss/train: 0.921917, Accuracy/train:  88.8125
Epoch [ 184/ 300]  |  Summary  |  Loss/val: 0.371901, Accuracy/val: 88.5000%  |  Loss/test: 0.351676, Accuracy/test: 89.2100
Epoch [ 185/ 300]  |  Step [ 150/ 211]  |  Loss/train: 0.920738, Accuracy/train:  88.7943
Epoch [ 185/ 300]  |  Summary  |  Loss/val: 0.357007, Accuracy/val: 89.4500%  |  Loss/test: 0.352478, Accuracy/test: 89.2600
Epoch [ 186/ 300]  |  Step [ 150/ 211]  |  Loss/train: 0.917434, Accuracy/train:  88.8047
Epoch [ 186/ 300]  |  Summary  |  Loss/val: 0.374656, Accuracy/val: 88.3500%  |  Loss/test: 0.358560, Accuracy/test: 89.3600
Epoch [ 187/ 300]  |  Step [ 150/ 211]  |  Loss/train: 0.919242, Accuracy/train:  88.7109
Epoch [ 187/ 300]  |  Summary  |  Loss/val: 0.354028, Accuracy/val: 89.5500%  |  Loss/test: 0.349793, Accuracy/test: 89.7700
Epoch [ 188/ 300]  |  Step [ 150/ 211]  |  Loss/train: 0.915462, Accuracy/train:  89.1198
Epoch [ 188/ 300]  |  Summary  |  Loss/val: 0.382415, Accuracy/val: 88.0000%  |  Loss/test: 0.361617, Accuracy/test: 89.0600
Epoch [ 189/ 300]  |  Step [ 150/ 211]  |  Loss/train: 0.917711, Accuracy/train:  88.9401
Epoch [ 189/ 300]  |  Summary  |  Loss/val: 0.358341, Accuracy/val: 88.6833%  |  Loss/test: 0.350057, Accuracy/test: 89.2300
Epoch [ 190/ 300]  |  Step [ 150/ 211]  |  Loss/train: 0.912466, Accuracy/train:  89.2474
Epoch [ 190/ 300]  |  Summary  |  Loss/val: 0.382029, Accuracy/val: 88.3333%  |  Loss/test: 0.370286, Accuracy/test: 88.6700
Epoch [ 191/ 300]  |  Step [ 150/ 211]  |  Loss/train: 0.912980, Accuracy/train:  89.0443
Epoch [ 191/ 300]  |  Summary  |  Loss/val: 0.387726, Accuracy/val: 87.4833%  |  Loss/test: 0.368893, Accuracy/test: 88.6100
Epoch [ 192/ 300]  |  Step [ 150/ 211]  |  Loss/train: 0.913193, Accuracy/train:  89.3125
Epoch [ 192/ 300]  |  Summary  |  Loss/val: 0.390505, Accuracy/val: 88.0667%  |  Loss/test: 0.376486, Accuracy/test: 88.6500
Epoch [ 193/ 300]  |  Step [ 150/ 211]  |  Loss/train: 0.914478, Accuracy/train:  88.9792
Epoch [ 193/ 300]  |  Summary  |  Loss/val: 0.361135, Accuracy/val: 88.9500%  |  Loss/test: 0.349582, Accuracy/test: 89.6300
Epoch [ 194/ 300]  |  Step [ 150/ 211]  |  Loss/train: 0.913581, Accuracy/train:  89.2318
Epoch [ 194/ 300]  |  Summary  |  Loss/val: 0.365441, Accuracy/val: 88.8833%  |  Loss/test: 0.359755, Accuracy/test: 88.8900
Epoch [ 195/ 300]  |  Step [ 150/ 211]  |  Loss/train: 0.913444, Accuracy/train:  88.9714
Epoch [ 195/ 300]  |  Summary  |  Loss/val: 0.372934, Accuracy/val: 88.1000%  |  Loss/test: 0.357836, Accuracy/test: 88.2900
Epoch [ 196/ 300]  |  Step [ 150/ 211]  |  Loss/train: 0.913890, Accuracy/train:  89.2917
Epoch [ 196/ 300]  |  Summary  |  Loss/val: 0.366896, Accuracy/val: 88.1833%  |  Loss/test: 0.356692, Accuracy/test: 87.9800
Epoch [ 197/ 300]  |  Step [ 150/ 211]  |  Loss/train: 0.915379, Accuracy/train:  89.2760
Epoch [ 197/ 300]  |  Summary  |  Loss/val: 0.382585, Accuracy/val: 87.9167%  |  Loss/test: 0.362101, Accuracy/test: 88.8000
Epoch [ 198/ 300]  |  Step [ 150/ 211]  |  Loss/train: 0.913885, Accuracy/train:  89.2083
Epoch [ 198/ 300]  |  Summary  |  Loss/val: 0.362151, Accuracy/val: 88.8667%  |  Loss/test: 0.354545, Accuracy/test: 89.0500
Epoch [ 199/ 300]  |  Step [ 150/ 211]  |  Loss/train: 0.915474, Accuracy/train:  89.1719
Epoch [ 199/ 300]  |  Summary  |  Loss/val: 0.370695, Accuracy/val: 88.3167%  |  Loss/test: 0.351543, Accuracy/test: 89.3200
Epoch [ 200/ 300]  |  Step [ 150/ 211]  |  Loss/train: 0.910582, Accuracy/train:  89.2969
Epoch [ 200/ 300]  |  Summary  |  Loss/val: 0.358811, Accuracy/val: 89.3000%  |  Loss/test: 0.347348, Accuracy/test: 89.5000
Epoch [ 201/ 300]  |  Step [ 150/ 211]  |  Loss/train: 0.910702, Accuracy/train:  89.2812
Epoch [ 201/ 300]  |  Summary  |  Loss/val: 0.387836, Accuracy/val: 88.2667%  |  Loss/test: 0.360666, Accuracy/test: 89.1000
Epoch [ 202/ 300]  |  Step [ 150/ 211]  |  Loss/train: 0.911570, Accuracy/train:  89.3359
Epoch [ 202/ 300]  |  Summary  |  Loss/val: 0.508901, Accuracy/val: 83.6833%  |  Loss/test: 0.481624, Accuracy/test: 84.8500
Epoch [ 203/ 300]  |  Step [ 150/ 211]  |  Loss/train: 0.910879, Accuracy/train:  89.2812
Epoch [ 203/ 300]  |  Summary  |  Loss/val: 0.362747, Accuracy/val: 88.8167%  |  Loss/test: 0.345948, Accuracy/test: 89.3500
Epoch [ 204/ 300]  |  Step [ 150/ 211]  |  Loss/train: 0.909008, Accuracy/train:  89.5417
Epoch [ 204/ 300]  |  Summary  |  Loss/val: 0.363110, Accuracy/val: 88.3833%  |  Loss/test: 0.350084, Accuracy/test: 88.7400
Epoch [ 205/ 300]  |  Step [ 150/ 211]  |  Loss/train: 0.910583, Accuracy/train:  89.3750
Epoch [ 205/ 300]  |  Summary  |  Loss/val: 0.370947, Accuracy/val: 88.5833%  |  Loss/test: 0.354415, Accuracy/test: 88.9700
Epoch [ 206/ 300]  |  Step [ 150/ 211]  |  Loss/train: 0.908354, Accuracy/train:  89.5208
Epoch [ 206/ 300]  |  Summary  |  Loss/val: 0.357297, Accuracy/val: 89.2333%  |  Loss/test: 0.344642, Accuracy/test: 89.4800
Epoch [ 207/ 300]  |  Step [ 150/ 211]  |  Loss/train: 0.905757, Accuracy/train:  89.7526
Epoch [ 207/ 300]  |  Summary  |  Loss/val: 0.366895, Accuracy/val: 88.4833%  |  Loss/test: 0.346483, Accuracy/test: 89.4100
Epoch [ 208/ 300]  |  Step [ 150/ 211]  |  Loss/train: 0.907532, Accuracy/train:  89.3646
Epoch [ 208/ 300]  |  Summary  |  Loss/val: 0.373208, Accuracy/val: 88.2833%  |  Loss/test: 0.353278, Accuracy/test: 88.9200
Epoch [ 209/ 300]  |  Step [ 150/ 211]  |  Loss/train: 0.908957, Accuracy/train:  89.4115
Epoch [ 209/ 300]  |  Summary  |  Loss/val: 0.371280, Accuracy/val: 89.0333%  |  Loss/test: 0.355597, Accuracy/test: 88.8200
Epoch [ 210/ 300]  |  Step [ 150/ 211]  |  Loss/train: 0.909984, Accuracy/train:  89.5417
Epoch [ 210/ 300]  |  Summary  |  Loss/val: 0.514388, Accuracy/val: 83.9333%  |  Loss/test: 0.490043, Accuracy/test: 83.8900
Epoch [ 211/ 300]  |  Step [ 150/ 211]  |  Loss/train: 0.906321, Accuracy/train:  89.4453
Epoch [ 211/ 300]  |  Summary  |  Loss/val: 0.369254, Accuracy/val: 88.9833%  |  Loss/test: 0.348761, Accuracy/test: 89.5400
Epoch [ 212/ 300]  |  Step [ 150/ 211]  |  Loss/train: 0.904714, Accuracy/train:  89.7214
Epoch [ 212/ 300]  |  Summary  |  Loss/val: 0.374698, Accuracy/val: 88.9167%  |  Loss/test: 0.358376, Accuracy/test: 89.2800
Epoch [ 213/ 300]  |  Step [ 150/ 211]  |  Loss/train: 0.902414, Accuracy/train:  89.7135
Epoch [ 213/ 300]  |  Summary  |  Loss/val: 0.351889, Accuracy/val: 89.5500%  |  Loss/test: 0.336507, Accuracy/test: 90.1000
Epoch [ 214/ 300]  |  Step [ 150/ 211]  |  Loss/train: 0.910291, Accuracy/train:  89.7474
Epoch [ 214/ 300]  |  Summary  |  Loss/val: 0.359630, Accuracy/val: 89.4833%  |  Loss/test: 0.346667, Accuracy/test: 89.6300
Epoch [ 215/ 300]  |  Step [ 150/ 211]  |  Loss/train: 0.904019, Accuracy/train:  89.6380
Epoch [ 215/ 300]  |  Summary  |  Loss/val: 0.368390, Accuracy/val: 88.6167%  |  Loss/test: 0.353178, Accuracy/test: 88.8800
Epoch [ 216/ 300]  |  Step [ 150/ 211]  |  Loss/train: 0.905109, Accuracy/train:  89.4688
Epoch [ 216/ 300]  |  Summary  |  Loss/val: 0.358029, Accuracy/val: 88.9000%  |  Loss/test: 0.342994, Accuracy/test: 89.6100
Epoch [ 217/ 300]  |  Step [ 150/ 211]  |  Loss/train: 0.908678, Accuracy/train:  89.6406
Epoch [ 217/ 300]  |  Summary  |  Loss/val: 0.353395, Accuracy/val: 89.2833%  |  Loss/test: 0.335338, Accuracy/test: 89.9000
Epoch [ 218/ 300]  |  Step [ 150/ 211]  |  Loss/train: 0.906477, Accuracy/train:  89.8490
Epoch [ 218/ 300]  |  Summary  |  Loss/val: 0.345817, Accuracy/val: 89.2833%  |  Loss/test: 0.333022, Accuracy/test: 89.8300
Epoch [ 219/ 300]  |  Step [ 150/ 211]  |  Loss/train: 0.904941, Accuracy/train:  89.7005
Epoch [ 219/ 300]  |  Summary  |  Loss/val: 0.359433, Accuracy/val: 88.9333%  |  Loss/test: 0.339516, Accuracy/test: 89.8000
Epoch [ 220/ 300]  |  Step [ 150/ 211]  |  Loss/train: 0.903895, Accuracy/train:  89.9089
Epoch [ 220/ 300]  |  Summary  |  Loss/val: 0.354148, Accuracy/val: 89.2167%  |  Loss/test: 0.334219, Accuracy/test: 90.0600
Epoch [ 221/ 300]  |  Step [ 150/ 211]  |  Loss/train: 0.905479, Accuracy/train:  89.6302
Epoch [ 221/ 300]  |  Summary  |  Loss/val: 0.357456, Accuracy/val: 88.9500%  |  Loss/test: 0.330547, Accuracy/test: 90.0400
Epoch [ 222/ 300]  |  Step [ 150/ 211]  |  Loss/train: 0.904921, Accuracy/train:  89.9740
Epoch [ 222/ 300]  |  Summary  |  Loss/val: 0.357011, Accuracy/val: 88.6333%  |  Loss/test: 0.334983, Accuracy/test: 89.8100
Epoch [ 223/ 300]  |  Step [ 150/ 211]  |  Loss/train: 0.901291, Accuracy/train:  89.7786
Epoch [ 223/ 300]  |  Summary  |  Loss/val: 0.340600, Accuracy/val: 89.6000%  |  Loss/test: 0.325977, Accuracy/test: 90.6300
Epoch [ 224/ 300]  |  Step [ 150/ 211]  |  Loss/train: 0.899267, Accuracy/train:  89.9271
Epoch [ 224/ 300]  |  Summary  |  Loss/val: 0.337997, Accuracy/val: 90.0000%  |  Loss/test: 0.327456, Accuracy/test: 90.4500
Epoch [ 225/ 300]  |  Step [ 150/ 211]  |  Loss/train: 0.905222, Accuracy/train:  89.4635
Epoch [ 225/ 300]  |  Summary  |  Loss/val: 0.352653, Accuracy/val: 89.1167%  |  Loss/test: 0.336921, Accuracy/test: 89.9000
Epoch [ 226/ 300]  |  Step [ 150/ 211]  |  Loss/train: 0.907028, Accuracy/train:  89.8516
Epoch [ 226/ 300]  |  Summary  |  Loss/val: 0.350416, Accuracy/val: 89.1667%  |  Loss/test: 0.338796, Accuracy/test: 89.4200
Epoch [ 227/ 300]  |  Step [ 150/ 211]  |  Loss/train: 0.899612, Accuracy/train:  89.9167
Epoch [ 227/ 300]  |  Summary  |  Loss/val: 0.363747, Accuracy/val: 88.4500%  |  Loss/test: 0.342342, Accuracy/test: 89.4900
Epoch [ 228/ 300]  |  Step [ 150/ 211]  |  Loss/train: 0.903867, Accuracy/train:  89.8854
Epoch [ 228/ 300]  |  Summary  |  Loss/val: 0.366871, Accuracy/val: 88.6333%  |  Loss/test: 0.340661, Accuracy/test: 89.6400
Epoch [ 229/ 300]  |  Step [ 150/ 211]  |  Loss/train: 0.900734, Accuracy/train:  89.9818
Epoch [ 229/ 300]  |  Summary  |  Loss/val: 0.342979, Accuracy/val: 89.8667%  |  Loss/test: 0.337797, Accuracy/test: 89.8900
Epoch [ 230/ 300]  |  Step [ 150/ 211]  |  Loss/train: 0.899111, Accuracy/train:  89.9453
Epoch [ 230/ 300]  |  Summary  |  Loss/val: 0.351217, Accuracy/val: 89.1667%  |  Loss/test: 0.335710, Accuracy/test: 89.8800
Epoch [ 231/ 300]  |  Step [ 150/ 211]  |  Loss/train: 0.899800, Accuracy/train:  89.8385
Epoch [ 231/ 300]  |  Summary  |  Loss/val: 0.354835, Accuracy/val: 89.3500%  |  Loss/test: 0.337571, Accuracy/test: 89.5900
Epoch [ 232/ 300]  |  Step [ 150/ 211]  |  Loss/train: 0.902942, Accuracy/train:  90.0651
Epoch [ 232/ 300]  |  Summary  |  Loss/val: 1.110590, Accuracy/val: 60.9833%  |  Loss/test: 1.102559, Accuracy/test: 60.6500
Epoch [ 233/ 300]  |  Step [ 150/ 211]  |  Loss/train: 0.903782, Accuracy/train:  89.8958
Epoch [ 233/ 300]  |  Summary  |  Loss/val: 0.347665, Accuracy/val: 89.6833%  |  Loss/test: 0.338060, Accuracy/test: 89.7400
Epoch [ 234/ 300]  |  Step [ 150/ 211]  |  Loss/train: 0.898395, Accuracy/train:  90.1562
Epoch [ 234/ 300]  |  Summary  |  Loss/val: 0.340004, Accuracy/val: 89.9833%  |  Loss/test: 0.319958, Accuracy/test: 90.5600
Epoch [ 235/ 300]  |  Step [ 150/ 211]  |  Loss/train: 0.901404, Accuracy/train:  89.8568
Epoch [ 235/ 300]  |  Summary  |  Loss/val: 0.350734, Accuracy/val: 89.0667%  |  Loss/test: 0.321359, Accuracy/test: 90.3700
Epoch [ 236/ 300]  |  Step [ 150/ 211]  |  Loss/train: 0.895562, Accuracy/train:  90.0911
Epoch [ 236/ 300]  |  Summary  |  Loss/val: 0.349838, Accuracy/val: 89.1333%  |  Loss/test: 0.336393, Accuracy/test: 90.0300
Epoch [ 237/ 300]  |  Step [ 150/ 211]  |  Loss/train: 0.901432, Accuracy/train:  90.1797
Epoch [ 237/ 300]  |  Summary  |  Loss/val: 0.352865, Accuracy/val: 89.3000%  |  Loss/test: 0.329975, Accuracy/test: 89.9600
Epoch [ 238/ 300]  |  Step [ 150/ 211]  |  Loss/train: 0.898936, Accuracy/train:  90.1146
Epoch [ 238/ 300]  |  Summary  |  Loss/val: 0.356082, Accuracy/val: 89.0833%  |  Loss/test: 0.330261, Accuracy/test: 90.3700
Epoch [ 239/ 300]  |  Step [ 150/ 211]  |  Loss/train: 0.898686, Accuracy/train:  90.0339
Epoch [ 239/ 300]  |  Summary  |  Loss/val: 0.359602, Accuracy/val: 89.1833%  |  Loss/test: 0.335712, Accuracy/test: 89.9200
Epoch [ 240/ 300]  |  Step [ 150/ 211]  |  Loss/train: 0.899773, Accuracy/train:  90.0130
Epoch [ 240/ 300]  |  Summary  |  Loss/val: 0.350913, Accuracy/val: 89.1500%  |  Loss/test: 0.338542, Accuracy/test: 89.6800
Epoch [ 241/ 300]  |  Step [ 150/ 211]  |  Loss/train: 0.898258, Accuracy/train:  89.9922
Epoch [ 241/ 300]  |  Summary  |  Loss/val: 0.340155, Accuracy/val: 89.7667%  |  Loss/test: 0.327722, Accuracy/test: 89.9600
Epoch [ 242/ 300]  |  Step [ 150/ 211]  |  Loss/train: 0.898313, Accuracy/train:  89.9245
Epoch [ 242/ 300]  |  Summary  |  Loss/val: 0.343076, Accuracy/val: 89.5333%  |  Loss/test: 0.329127, Accuracy/test: 90.0600
Epoch [ 243/ 300]  |  Step [ 150/ 211]  |  Loss/train: 0.899139, Accuracy/train:  90.1641
Epoch [ 243/ 300]  |  Summary  |  Loss/val: 0.352068, Accuracy/val: 89.1167%  |  Loss/test: 0.340036, Accuracy/test: 89.7300
Epoch [ 244/ 300]  |  Step [ 150/ 211]  |  Loss/train: 0.896201, Accuracy/train:  90.1432
Epoch [ 244/ 300]  |  Summary  |  Loss/val: 0.350253, Accuracy/val: 89.3333%  |  Loss/test: 0.331175, Accuracy/test: 90.0100
Epoch [ 245/ 300]  |  Step [ 150/ 211]  |  Loss/train: 0.897596, Accuracy/train:  89.9479
Epoch [ 245/ 300]  |  Summary  |  Loss/val: 0.351109, Accuracy/val: 89.4833%  |  Loss/test: 0.327339, Accuracy/test: 90.2100
Epoch [ 246/ 300]  |  Step [ 150/ 211]  |  Loss/train: 0.905323, Accuracy/train:  89.9714
Epoch [ 246/ 300]  |  Summary  |  Loss/val: 0.341784, Accuracy/val: 89.1667%  |  Loss/test: 0.330464, Accuracy/test: 90.0400
Epoch [ 247/ 300]  |  Step [ 150/ 211]  |  Loss/train: 0.896111, Accuracy/train:  90.0182
Epoch [ 247/ 300]  |  Summary  |  Loss/val: 0.341140, Accuracy/val: 89.6500%  |  Loss/test: 0.326396, Accuracy/test: 90.4200
Epoch [ 248/ 300]  |  Step [ 150/ 211]  |  Loss/train: 0.898393, Accuracy/train:  90.0990
Epoch [ 248/ 300]  |  Summary  |  Loss/val: 0.349331, Accuracy/val: 89.4833%  |  Loss/test: 0.343719, Accuracy/test: 89.3100
Epoch [ 249/ 300]  |  Step [ 150/ 211]  |  Loss/train: 0.897104, Accuracy/train:  89.9115
Epoch [ 249/ 300]  |  Summary  |  Loss/val: 0.335263, Accuracy/val: 89.9333%  |  Loss/test: 0.323713, Accuracy/test: 90.3300
Epoch [ 250/ 300]  |  Step [ 150/ 211]  |  Loss/train: 0.900956, Accuracy/train:  90.2135
Epoch [ 250/ 300]  |  Summary  |  Loss/val: 0.346177, Accuracy/val: 89.8500%  |  Loss/test: 0.330440, Accuracy/test: 90.0600
Epoch [ 251/ 300]  |  Step [ 150/ 211]  |  Loss/train: 0.895061, Accuracy/train:  90.3021
Epoch [ 251/ 300]  |  Summary  |  Loss/val: 0.346928, Accuracy/val: 89.1167%  |  Loss/test: 0.336696, Accuracy/test: 90.0300
Epoch [ 252/ 300]  |  Step [ 150/ 211]  |  Loss/train: 0.898311, Accuracy/train:  90.3333
Epoch [ 252/ 300]  |  Summary  |  Loss/val: 0.335309, Accuracy/val: 89.8000%  |  Loss/test: 0.318819, Accuracy/test: 90.2800
Epoch [ 253/ 300]  |  Step [ 150/ 211]  |  Loss/train: 0.894644, Accuracy/train:  90.3385
Epoch [ 253/ 300]  |  Summary  |  Loss/val: 0.340469, Accuracy/val: 89.4833%  |  Loss/test: 0.323674, Accuracy/test: 89.7800
Epoch [ 254/ 300]  |  Step [ 150/ 211]  |  Loss/train: 0.898511, Accuracy/train:  90.2474
Epoch [ 254/ 300]  |  Summary  |  Loss/val: 0.350637, Accuracy/val: 89.0333%  |  Loss/test: 0.333167, Accuracy/test: 89.7500
Epoch [ 255/ 300]  |  Step [ 150/ 211]  |  Loss/train: 0.897612, Accuracy/train:  90.2396
Epoch [ 255/ 300]  |  Summary  |  Loss/val: 0.339781, Accuracy/val: 89.8333%  |  Loss/test: 0.326945, Accuracy/test: 90.5200
Epoch [ 256/ 300]  |  Step [ 150/ 211]  |  Loss/train: 0.901067, Accuracy/train:  90.1693
Epoch [ 256/ 300]  |  Summary  |  Loss/val: 0.349843, Accuracy/val: 89.4667%  |  Loss/test: 0.327240, Accuracy/test: 90.0500
